C51 COMPILER V9.01   MAIN                                                                  05/31/2018 15:09:39 PAGE 1   


C51 COMPILER V9.01, COMPILATION OF MODULE MAIN
OBJECT MODULE PLACED IN main.OBJ
COMPILER INVOKED BY: D:\Keil4\C51\BIN\C51.EXE main.c BROWSE DEBUG OBJECTEXTEND

line level    source

   1          #include "reg52.h"
   2          #include "intrins.h"              //_nop_();延时函数用
   3          #define uchar unsigned char
   4          #define uint unsigned int
   5          sbit remoteout=P3^5;              //  遥控输出口
   6          uchar temp,key;
   7          uint m;
   8          
   9          uchar code table[]={
  10          0x09,0x06,0x5b,0x4f,
  11          0x66,0x6d,0x7d,0x07,
  12          0x7f,0x6f,0x77,0x7c,
  13          0x39,0x5e,0x79,0x71};
  14          
  15          /***********延时化函数**********/
  16          void delayms(uint xms)
  17          {
  18   1      uint i,j;
  19   1      for(i=xms;i>0;i--)
  20   1      for(j=120;j>0;j--);
  21   1      }
  22          /***********初始化函数**********/
  23          clearmen()
  24          {
  25   1      remoteout=0;              //关遥控输出
  26   1      IE=0x00;              //IE 单片机寄存器              此句表示单片机复位
  27   1      IP=0x01;              //开启外部中断 0
  28   1      TMOD=0x22;              //单片机工作在方式2 即 8 位自动重装 模式
  29   1      TH1=0xff;              //40KHZ 初值
  30   1      TL1=0xe8;              //当 TF1 计数溢出时，常数 TH0里的常数重装入 TL1
  31   1      EA=1;              //开总中断
  32   1      }
  33          /***********按键显示函数**********/
  34          void display(uchar num)
  35          {
  36   1      P0=table[num];
  37   1      }
  38          /**********发射函数************/
  39          sed()
  40          {
  41   1      ET1=1;              //开计数器 1 中断
  42   1      TR1=1;              //开定时器 1
  43   1      delayms(3);
  44   1      ET1=0;              //关
  45   1      TR1=0;
  46   1      remoteout=0;              //40KHZ 发 3 毫秒
  47   1      for(m=key;m>0;m--)
  48   1      {
  49   2      delayms(1);              //停 1 毫秒
  50   2      ET1=1; TR1=1; delayms(1);
  51   2      
  52   2      ET1=0; TR1=0;
  53   2      remoteout=0;              //40KHZ 发 1 毫秒
  54   2      }
  55   1      delayms(10);
C51 COMPILER V9.01   MAIN                                                                  05/31/2018 15:09:39 PAGE 2   

  56   1      }
  57          
  58          tx()              //这个子函数是在发射脉冲个数，不同的按键装入不同的按键个数
  59          {
  60   1      switch(key)
  61   1      {
  62   2      case 0:key=key+1;sed();break; 
  63   2      case 1:key=key+1;sed();break; 
  64   2      case 2:key=key+1;sed();break; 
  65   2      case 3:key=key+1;sed();break; 
  66   2      case 4:key=key+1;sed();break; 
  67   2      case 5:key=key+1;sed();break; 
  68   2      case 6:key=key+1;sed();break; 
  69   2      case 7:key=key+1;sed();break; 
  70   2      case 8:key=key+1;sed();break; 
  71   2      case 9:key=key+1;sed();break; 
  72   2      case 10:key=key+1;sed();break; 
  73   2      case 11:key=key+1;sed();break; 
  74   2      case 12:key=key+1;sed();break; 
  75   2      case 13:key=key+1;sed();break; 
  76   2      case 14:key=key+1;sed();break; 
  77   2      case 15:key=key+1;sed();break; 
  78   2      default:break;
  79   2      }
  80   1      }
  81          /***********按键扫描函数**********/
  82          void matrixkeyscan()
  83          {
  84   1      P2=0xfe; temp= P2; temp=temp&0xf0; if(temp!=0xf0)
  85   1      {
  86   2      delayms(10);
  87   2      temp= P2; temp=temp&0xf0; if(temp!=0xf0)
  88   2      { temp=P2; 
  89   3      switch(temp)
  90   3      {
  91   4      case 0xee:   key=0;break; 
  92   4      case 0xde:    key=1;break;
  93   4      case 0xbe:    key=2;break; 
  94   4      case 0x7e:    key=3;break;
  95   4      }
  96   3      while(temp!=0xf0)
  97   3      { temp=P2; temp=temp&0xf0;
  98   4      }
  99   3      display(key);
 100   3      
 101   3      
 102   3      
 103   3      tx();
 104   3      }
 105   2      }
 106   1      P2=0xfd; temp=P2; temp=temp&0xf0; if(temp!=0xf0)
 107   1      {
 108   2      delayms(10);
 109   2      temp=P2; temp=temp&0xf0; if(temp!=0xf0)
 110   2      { temp=P2; switch(temp)
 111   3      {
 112   4      case 0xed:    key=4;break; case 0xdd:   key=5;break; case 0xbd:   key=6;break; case 0x7d:   key=7;break;
 113   4      }
 114   3      while(temp!=0xf0)
 115   3      {
 116   4      temp=P2;temp=temp&0xf0;
 117   4      }
C51 COMPILER V9.01   MAIN                                                                  05/31/2018 15:09:39 PAGE 3   

 118   3      display(key);
 119   3      tx();
 120   3      }
 121   2      
 122   2      } P2=0xfb;temp=P2;temp=temp&0xf0; if(temp!=0xf0)
 123   1      { delayms(10);temp=P2;temp=temp&0xf0; if(temp!=0xf0)
 124   2      { temp=P2; switch(temp)
 125   3      {
 126   4      case 0xeb:              key=8;break; 
 127   4      case 0xdb:              key=9;break; 
 128   4      case 0xbb:              key=10;break; 
 129   4      case 0x7b:              key=11;break;
 130   4      }
 131   3      while(temp!=0xf0)
 132   3      {
 133   4      temp=P2;temp=temp&0xf0;
 134   4      }
 135   3      display(key);
 136   3      tx();
 137   3      }
 138   2      } P2=0xf7;temp=P2;temp=temp&0xf0; if(temp!=0xf0)
 139   1      {
 140   2      delayms(10);
 141   2      temp=P2;
 142   2      
 143   2      
 144   2      
 145   2      temp=temp&0xf0;
 146   2      if(temp!=0xf0)
 147   2      {
 148   3      temp=P2;
 149   3      switch(temp)
 150   3      {
 151   4      case 0xe7:    key=12;break; 
 152   4      case 0xd7:   key=13;break; 
 153   4      case 0xb7:    key=14;break; 
 154   4      case 0x77:    key=15;break;
 155   4      }
 156   3      while(temp!=0xf0)
 157   3      { temp=P2; temp=temp&0xf0;
 158   4      } display(key); tx();
 159   3      }
 160   2      }
 161   1      }
 162          /***********主函数**********/
 163          void main()
 164          {
 165   1      clearmen();
 166   1      
 167   1      while(1)
 168   1      {
 169   2      matrixkeyscan();
 170   2      }
 171   1      }
 172          /*********40KHZ 发生器***********/
 173          //              定时中断 T1
 174          void time_intt1(void) interrupt 3
 175          {
 176   1      remoteout=~remoteout;              //遥控开关取反
 177   1      }
*** WARNING C290 IN LINE 32 OF MAIN.C: missing return value
*** WARNING C290 IN LINE 56 OF MAIN.C: missing return value
C51 COMPILER V9.01   MAIN                                                                  05/31/2018 15:09:39 PAGE 4   

*** WARNING C290 IN LINE 80 OF MAIN.C: missing return value


MODULE INFORMATION:   STATIC OVERLAYABLE
   CODE SIZE        =    568    ----
   CONSTANT SIZE    =     16    ----
   XDATA SIZE       =   ----    ----
   PDATA SIZE       =   ----    ----
   DATA SIZE        =      4    ----
   IDATA SIZE       =   ----    ----
   BIT SIZE         =   ----    ----
END OF MODULE INFORMATION.


C51 COMPILATION COMPLETE.  3 WARNING(S),  0 ERROR(S)
