C51 COMPILER V9.01   MAIN                                                                  04/13/2018 21:33:40 PAGE 1   


C51 COMPILER V9.01, COMPILATION OF MODULE MAIN
OBJECT MODULE PLACED IN main.OBJ
COMPILER INVOKED BY: D:\Keil4\C51\BIN\C51.EXE main.c BROWSE DEBUG OBJECTEXTEND

line level    source

   1          #include<reg52.h>
   2          
   3          sfr T2MOD=0xC9;
   4          sbit KEY_IN_1 = P2^4;      //定义按键IO口地址
   5          sbit KEY_IN_2 = P2^5;
   6          sbit KEY_IN_3 = P2^6;
   7          sbit KEY_IN_4 = P2^7;                                    
   8          sbit KEY_OUT_1 = P2^3;
   9          sbit KEY_OUT_2 = P2^2;
  10          sbit KEY_OUT_3 = P2^1;
  11          sbit KEY_OUT_4 = P2^0;
  12          
  13          unsigned char code KeyCodeMap[4][4] = { //矩阵按键编号到标准键盘键码的映射表
  14          { 0x31, 0x32, 0x33, 0x26 }, //数字键 1、数字键 2、数字键 3、向上键
  15          { 0x34, 0x35, 0x36, 0x25 }, //数字键 4、数字键 5、数字键 6、向左键
  16          { 0x37, 0x38, 0x39, 0x28 }, //数字键 7、数字键 8、数字键 9、向下键
  17          { 0x30, 0x1B, 0x0D, 0x27 } //数字键 0、ESC 键、 回车键、 向右键
  18          };
  19          
  20          unsigned char KeySta[4][4] = { //全部矩阵按键的当前状态
  21          {1, 1, 1, 1}, {1, 1, 1, 1}, {1, 1, 1, 1}, {1, 1, 1, 1}
  22          };
  23          
  24          signed long beats = 0; //电机转动节拍总数
  25          void KeyDriver();
  26          
  27          void main()
  28          {
  29   1      EA = 1; //使能总中断
  30   1      
  31   1      T2MOD = 0x00; //设置 T2 为模式 0
  32   1      T2CON=0x00;
  33   1      TH2 = 0xFC; //为 T2 赋初值 0xFC67，定时 1ms,TH2=(65536-921)/256=252=0xFC
  34   1      TL2 = 0x67;                //TL2=(65536-921)%256=103=0x67
  35   1      RCAP2H=0xFC;
  36   1      RCAP2L=0x67;
  37   1      ET2 = 1; //使能 T0 中断
  38   1      TR2 = 1; //启动 T0
  39   1      while (1)
  40   1      {
  41   2      KeyDriver(); //调用按键驱动函数
  42   2      }
  43   1      }
  44          
  45          /* 步进电机启动函数，angle-需转过的角度 */
  46          void StartMotor(signed long angle)
  47          {
  48   1      //在计算前关闭中断，完成后再打开，以避免中断打断计算过程而造成错误
  49   1      EA = 0;
  50   1      beats = (angle * 4076)/360 ; //实测为 4076 拍转动一圈
  51   1      EA = 1;
  52   1      }
  53          
  54          /* 步进电机停止函数 */
  55          void StopMotor()
C51 COMPILER V9.01   MAIN                                                                  04/13/2018 21:33:40 PAGE 2   

  56          {
  57   1      EA = 0;
  58   1      beats = 0;
  59   1      EA = 1;
  60   1      }
  61          
  62          /* 按键动作函数，根据键码执行相应的操作，keycode-按键键码 */
  63          void KeyAction(unsigned char keycode)
  64          {
  65   1      static bit dirMotor = 0; //电机转动方向
  66   1      static signed long num=0;                 //保存输入的角度值
  67   1      if ((keycode>=0x30) && (keycode<=0x39)) //控制电机转动
  68   1      {
  69   2      num = (num*10)+(keycode-0x30); //整体十进制左移，新数字进入个位
  70   2      }
  71   1      else if(keycode==0x0D)     //按回车键开始转动
  72   1      {
  73   2      if (dirMotor == 0)        //正转
  74   2      {
  75   3      StartMotor(num);
  76   3      num=0;
  77   3      }
  78   2      else
  79   2      {
  80   3      StartMotor(-1*(num));     //反转
  81   3      num=0;
  82   3      }
  83   2      }
  84   1      else if (keycode == 0x26) //向上键，控制转动方向为正转
  85   1      {
  86   2      dirMotor = 0;
  87   2      }
  88   1      else if (keycode == 0x28) //向下键，控制转动方向为反转
  89   1      {
  90   2      dirMotor = 1;
  91   2      }
  92   1      else if (keycode == 0x25) //向左键，固定正转 360 度
  93   1      {
  94   2      StartMotor(360);
  95   2      }
  96   1      else if (keycode == 0x27) //向右键，固定反转 360 度
  97   1      {
  98   2      StartMotor(-360);
  99   2      }
 100   1      else if (keycode == 0x1B) //Esc 键，停止转动
 101   1      {
 102   2      StopMotor();
 103   2      }
 104   1      }
 105          
 106          /* 按键驱动函数，检测按键动作，调度相应动作函数，需在主循环中调用 */
 107          void KeyDriver()
 108          {
 109   1      unsigned char i, j;
 110   1      static unsigned char backup[4][4] = { //按键值备份，保存前一次的值
 111   1      {1, 1, 1, 1}, {1, 1, 1, 1}, {1, 1, 1, 1}, {1, 1, 1, 1}
 112   1      };
 113   1      for (i=0; i<4; i++) //循环检测 4*4 的矩阵按键
 114   1      {
 115   2      for (j=0; j<4; j++)
 116   2      {
 117   3      if (backup[i][j] != KeySta[i][j]) //检测按键动作
C51 COMPILER V9.01   MAIN                                                                  04/13/2018 21:33:40 PAGE 3   

 118   3      {
 119   4      if (backup[i][j] != 0) //按键按下时执行动作
 120   4      {
 121   5      KeyAction(KeyCodeMap[i][j]); //调用按键动作函数
 122   5      }
 123   4      backup[i][j] = KeySta[i][j]; //刷新前一次的备份值
 124   4      }
 125   3      }
 126   2      }
 127   1      }
 128          
 129          /* 按键扫描函数，需在定时中断中调用，推荐调用间隔 1ms */
 130          void KeyScan()
 131          {
 132   1      unsigned char i;
 133   1      static unsigned char keyout = 0; //矩阵按键扫描输出索引
 134   1      static unsigned char keybuf[4][4] = { //矩阵按键扫描缓冲区
 135   1      {0xFF, 0xFF, 0xFF, 0xFF}, {0xFF, 0xFF, 0xFF, 0xFF},
 136   1      {0xFF, 0xFF, 0xFF, 0xFF}, {0xFF, 0xFF, 0xFF, 0xFF}
 137   1      };
 138   1      //将一行的 4 个按键值移入缓冲区
 139   1      keybuf[keyout][0] = (keybuf[keyout][0] << 1) | KEY_IN_1;
 140   1      keybuf[keyout][1] = (keybuf[keyout][1] << 1) | KEY_IN_2;
 141   1      keybuf[keyout][2] = (keybuf[keyout][2] << 1) | KEY_IN_3;
 142   1      keybuf[keyout][3] = (keybuf[keyout][3] << 1) | KEY_IN_4;
 143   1      //消抖后更新按键状态
 144   1      for (i=0; i<4; i++) //每行 4 个按键，所以循环 4 次
 145   1      {
 146   2      if ((keybuf[keyout][i] & 0x0F) == 0x00)
 147   2      { //连续 4 次扫描值为 0，即 4*4ms 内都是按下状态时，可认为按键已稳定的按下
 148   3      KeySta[keyout][i] = 0;
 149   3      }
 150   2      else if ((keybuf[keyout][i] & 0x0F) == 0x0F)
 151   2      { //连续 4 次扫描值为 1，即 4*4ms 内都是弹起状态时，可认为按键已稳定的弹起
 152   3      KeySta[keyout][i] = 1;
 153   3      }
 154   2      }
 155   1      //执行下一次的扫描输出
 156   1      keyout++; //输出索引递增
 157   1      keyout = keyout & 0x03; //索引值加到 4 即归零
 158   1      switch (keyout) //根据索引，释放当前输出引脚，拉低下次的输出引脚
 159   1      {
 160   2      case 0: KEY_OUT_4 = 1; KEY_OUT_1 = 0; break;
 161   2      case 1: KEY_OUT_1 = 1; KEY_OUT_2 = 0; break;
 162   2      case 2: KEY_OUT_2 = 1; KEY_OUT_3 = 0; break;
 163   2      case 3: KEY_OUT_3 = 1; KEY_OUT_4 = 0; break;
 164   2      default: break;
 165   2      }
 166   1      }
 167          
 168          /* 电机转动控制函数 */
 169          void TurnMotor()
 170          {
 171   1      unsigned char tmp; //临时变量
 172   1      static unsigned char index = 0; //节拍输出索引
 173   1      unsigned char code BeatCode[8] = { //步进电机节拍对应的 IO 控制代码
 174   1      0xE, 0xC, 0xD, 0x9, 0xB, 0x3, 0x7, 0x6
 175   1      };
 176   1      if (beats != 0) //节拍数不为 0 则产生一个驱动节拍
 177   1      {
 178   2      if (beats > 0) //节拍数大于 0 时正转
 179   2      {
C51 COMPILER V9.01   MAIN                                                                  04/13/2018 21:33:40 PAGE 4   

 180   3      index++; //正转时节拍输出索引递增
 181   3      index = index & 0x07; //用&操作实现到 8 归零
 182   3      beats--; //正转时节拍计数递减
 183   3      }
 184   2      else //节拍数小于 0 时反转
 185   2      {
 186   3      index--; //反转时节拍输出索引递减
 187   3      index = index & 0x07; //用&操作同样可以实现到-1 时归 7
 188   3      beats++; //反转时节拍计数递增
 189   3      }
 190   2      tmp = P1; //用 tmp 把 P1 口当前值暂存
 191   2      tmp = tmp & 0xF0; //用&操作清零低 4 位
 192   2      tmp = tmp | BeatCode[index]; //用|操作把节拍代码写到低 4 位
 193   2      P1 = tmp; //把低 4 位的节拍代码和高 4 位的原值送回 P1
 194   2      }
 195   1      else //节拍数为 0 则关闭电机所有的相
 196   1      {
 197   2      P1 = P1 | 0x0F;
 198   2      }
 199   1      }
 200          
 201          /* T2 中断服务函数，用于按键扫描与电机转动控制 */
 202          void InterruptTimer2() interrupt 5
 203          {
 204   1      static bit div = 0;
 205   1      TF2=0;
 206   1      KeyScan(); //执行按键扫描
 207   1      //用一个静态 bit 变量实现二分频，即 2ms 定时，用于控制电机
 208   1      div = ~div;
 209   1      if (div == 1)
 210   1      {
 211   2      TurnMotor();
 212   2      }
 213   1      }


MODULE INFORMATION:   STATIC OVERLAYABLE
   CODE SIZE        =    775    ----
   CONSTANT SIZE    =     24    ----
   XDATA SIZE       =   ----    ----
   PDATA SIZE       =   ----    ----
   DATA SIZE        =     58       7
   IDATA SIZE       =   ----    ----
   BIT SIZE         =      2    ----
END OF MODULE INFORMATION.


C51 COMPILATION COMPLETE.  0 WARNING(S),  0 ERROR(S)
