C51 COMPILER V9.01   MAIN                                                                  04/13/2018 17:16:06 PAGE 1   


C51 COMPILER V9.01, COMPILATION OF MODULE MAIN
OBJECT MODULE PLACED IN main.OBJ
COMPILER INVOKED BY: D:\Keil4\C51\BIN\C51.EXE main.c BROWSE DEBUG OBJECTEXTEND

line level    source

   1          #include <reg52.h>
   2          
   3          unsigned char code BeatCode[8] = { //步进电机节拍对应的 IO 控制代码
   4          0xE, 0xC, 0xD, 0x9, 0xB, 0x3, 0x7, 0x6
   5          };
   6          
   7          void delay();
   8          
   9          void main()
  10          {
  11   1      unsigned char tmp; //定义一个临时变量
  12   1      unsigned char index = 0; //定义节拍输出索引
  13   1      while (1)
  14   1      {
  15   2      tmp = P1; //用 tmp 把 P1 口当前值暂存
  16   2      tmp = tmp & 0xF0; //用&操作清零低 4 位
  17   2      tmp = tmp | BeatCode[index]; //用|操作把节拍代码写到低 4 位
  18   2      P1 = tmp; //把低 4 位的节拍代码和高 4 位的原值送回 P1
  19   2      index++; //节拍输出索引递增
  20   2      index = index & 0x07; //用&操作实现到 8 归零
  21   2      delay(); //延时 2ms，即 2ms 执行一拍
  22   2      }
  23   1      }
  24          
  25          /* 软件延时函数，延时约 2ms */
  26          void delay()
  27          {
  28   1      unsigned int i = 200;
  29   1      {
  30   2      while(i--);
  31   2      }
  32   1      }


MODULE INFORMATION:   STATIC OVERLAYABLE
   CODE SIZE        =     45    ----
   CONSTANT SIZE    =      8    ----
   XDATA SIZE       =   ----    ----
   PDATA SIZE       =   ----    ----
   DATA SIZE        =   ----       2
   IDATA SIZE       =   ----    ----
   BIT SIZE         =   ----    ----
END OF MODULE INFORMATION.


C51 COMPILATION COMPLETE.  0 WARNING(S),  0 ERROR(S)
