C51 COMPILER V9.01   MAIN                                                                  05/23/2018 10:36:09 PAGE 1   


C51 COMPILER V9.01, COMPILATION OF MODULE MAIN
OBJECT MODULE PLACED IN main.OBJ
COMPILER INVOKED BY: D:\Keil4\C51\BIN\C51.EXE main.c BROWSE DEBUG OBJECTEXTEND

line level    source

   1          #include <reg52.h>
   2          #include<intrins.h>
   3          #define uchar unsigned char 
   4          #define uint unsigned int
   5          sbit ADDR0 = P1^0;
   6          sbit ADDR1 = P1^1;
   7          sbit ADDR2 = P1^2;
   8          sbit ADDR3 = P1^3;
   9          sbit ENLED = P1^4;
  10          
  11          void delay(unsigned char t)
  12          {
  13   1         do{
  14   2             _nop_();
  15   2                 _nop_();
  16   2                 _nop_();
  17   2                 _nop_();
  18   2                // _nop_();
  19   2                // _nop_();
  20   2                // _nop_();
  21   2                // _nop_();
  22   2                }while(--t);
  23   1      }
  24          void main()
  25          {
  26   1        // unsigned int i;
  27   1         while(1)
  28   1         {
  29   2         P2=0xFE;
  30   2         delay(1);
  31   2         //for(i=0;i<10000;i++);
  32   2         P2=0xFF;
  33   2         delay(1);
  34   2         //for(i=0;i<10000;i++);
  35   2         }
  36   1      }


MODULE INFORMATION:   STATIC OVERLAYABLE
   CODE SIZE        =     25    ----
   CONSTANT SIZE    =   ----    ----
   XDATA SIZE       =   ----    ----
   PDATA SIZE       =   ----    ----
   DATA SIZE        =   ----    ----
   IDATA SIZE       =   ----    ----
   BIT SIZE         =   ----    ----
END OF MODULE INFORMATION.


C51 COMPILATION COMPLETE.  0 WARNING(S),  0 ERROR(S)
