C51 COMPILER V9.01   MAIN                                                                  04/11/2018 12:43:25 PAGE 1   


C51 COMPILER V9.01, COMPILATION OF MODULE MAIN
OBJECT MODULE PLACED IN main.OBJ
COMPILER INVOKED BY: D:\Keil4\C51\BIN\C51.EXE main.c BROWSE DEBUG OBJECTEXTEND

line level    source

   1          #include<reg52.h>
   2          
   3          sbit LED=P0^0;
   4          sbit ADDR0=P1^0;
   5          sbit ADDR1=P1^1;
   6          sbit ADDR2=P1^2;
   7          sbit ADDR3=P1^3;
   8          sbit ENLED=P1^4;
   9          
  10          void main()
  11          {  
  12   1         unsigned char cnt=0;
  13   1         ENLED=0;
  14   1         ADDR3=1;
  15   1         ADDR2=1;
  16   1         ADDR1=1;
  17   1         ADDR0=0;
  18   1      
  19   1         TMOD=0x01;
  20   1         TH0=0xB8;
  21   1         TL0=0x00;
  22   1         TR0=1;
  23   1      
  24   1         while(1)
  25   1         { 
  26   2            if(TF0==1)
  27   2                {
  28   3                   TF0=0;
  29   3                       TH0=0xB8;
  30   3                       TL0=0x00;
  31   3                       cnt++;
  32   3                       if(cnt>=50)
  33   3                       {
  34   4                          cnt=0;
  35   4                              LED=~LED;
  36   4                        }
  37   3                      }
  38   2              }
  39   1      }


MODULE INFORMATION:   STATIC OVERLAYABLE
   CODE SIZE        =     46    ----
   CONSTANT SIZE    =   ----    ----
   XDATA SIZE       =   ----    ----
   PDATA SIZE       =   ----    ----
   DATA SIZE        =   ----    ----
   IDATA SIZE       =   ----    ----
   BIT SIZE         =   ----    ----
END OF MODULE INFORMATION.


C51 COMPILATION COMPLETE.  0 WARNING(S),  0 ERROR(S)
