C51 COMPILER V9.01   LCD1602                                                               04/21/2018 16:16:38 PAGE 1   


C51 COMPILER V9.01, COMPILATION OF MODULE LCD1602
OBJECT MODULE PLACED IN Lcd1602.OBJ
COMPILER INVOKED BY: D:\Keil4\C51\BIN\C51.EXE Lcd1602.c BROWSE DEBUG OBJECTEXTEND

line level    source

   1          #include <reg52.h>
   2          
   3          #define LCD1602_DB P0
   4          sbit LCD1602_RS = P1^0;
   5          sbit LCD1602_RW = P1^1;
   6          sbit LCD1602_E = P1^5;
   7          
   8          /* 等待液晶准备好 */
   9          void LcdWaitReady()
  10          {
  11   1      unsigned char sta;
  12   1      LCD1602_DB = 0xFF;
  13   1      LCD1602_RS = 0;
  14   1      LCD1602_RW = 1;
  15   1      do {
  16   2      LCD1602_E = 1;
  17   2      sta = LCD1602_DB; //读取状态字
  18   2      LCD1602_E = 0;
  19   2      } while (sta & 0x80); //bit7 等于 1 表示液晶正忙，重复检测直到其等于 0 为止
  20   1      }
  21          /* 向 LCD1602 液晶写入一字节命令，cmd-待写入命令值 */
  22          void LcdWriteCmd(unsigned char cmd)
  23          {
  24   1      LcdWaitReady();
  25   1      LCD1602_RS = 0;
  26   1      LCD1602_RW = 0;
  27   1      LCD1602_DB = cmd;
  28   1      LCD1602_E = 1;
  29   1      LCD1602_E = 0;
  30   1      }
  31          /* 向 LCD1602 液晶写入一字节数据，dat-待写入数据值 */
  32          void LcdWriteDat(unsigned char dat)
  33          {
  34   1      LcdWaitReady();
  35   1      LCD1602_RS = 1;
  36   1      LCD1602_RW = 0;
  37   1      LCD1602_DB = dat;
  38   1      LCD1602_E = 1;
  39   1      LCD1602_E = 0;
  40   1      }
  41          /* 设置显示 RAM 起始地址，亦即光标位置，(x,y)-对应屏幕上的字符坐标 */
  42          void LcdSetCursor(unsigned char x, unsigned char y)
  43          {
  44   1      unsigned char addr;
  45   1      if (y == 0) //由输入的屏幕坐标计算显示 RAM 的地址
  46   1      addr = 0x00 + x; //第一行字符地址从 0x00 起始
  47   1      else
  48   1      addr = 0x40 + x; //第二行字符地址从 0x40 起始
  49   1      LcdWriteCmd(addr | 0x80); //设置 RAM 地址
  50   1      }
  51          /* 在液晶上显示字符串，(x,y)-对应屏幕上的起始坐标，str-字符串指针 */
  52          void LcdShowStr(unsigned char x, unsigned char y, unsigned char *str)
  53          {
  54   1      LcdSetCursor(x, y); //设置起始地址
  55   1      while (*str != '\0') //连续写入字符串数据，直到检测到结束符
C51 COMPILER V9.01   LCD1602                                                               04/21/2018 16:16:38 PAGE 2   

  56   1      {
  57   2      LcdWriteDat(*str++);
  58   2      }
  59   1      }
  60          /* 区域清除，清除从(x,y)坐标起始的 len 个字符位 */
  61          void LcdAreaClear(unsigned char x, unsigned char y, unsigned char len)
  62          {
  63   1      LcdSetCursor(x, y); //设置起始地址
  64   1      while (len--) //连续写入空格
  65   1      {
  66   2      LcdWriteDat(' ');
  67   2      }
  68   1      }
  69          /* 初始化 1602 液晶 */
  70          void InitLcd1602()
  71          {
  72   1      LcdWriteCmd(0x38); //16*2 显示，5*7 点阵，8 位数据接口
  73   1      LcdWriteCmd(0x0C); //显示器开，光标关闭
  74   1      LcdWriteCmd(0x06); //文字不动，地址自动+1
  75   1      LcdWriteCmd(0x01); //清屏
  76   1      }


MODULE INFORMATION:   STATIC OVERLAYABLE
   CODE SIZE        =    145    ----
   CONSTANT SIZE    =   ----    ----
   XDATA SIZE       =   ----    ----
   PDATA SIZE       =   ----    ----
   DATA SIZE        =   ----       3
   IDATA SIZE       =   ----    ----
   BIT SIZE         =   ----    ----
END OF MODULE INFORMATION.


C51 COMPILATION COMPLETE.  0 WARNING(S),  0 ERROR(S)
