C51 COMPILER V9.01   MAIN                                                                  04/28/2018 20:31:20 PAGE 1   


C51 COMPILER V9.01, COMPILATION OF MODULE MAIN
OBJECT MODULE PLACED IN main.OBJ
COMPILER INVOKED BY: D:\Keil4\C51\BIN\C51.EXE main.c BROWSE DEBUG OBJECTEXTEND

line level    source

   1          #include<reg52.h>
   2          
   3          sbit ADDR0=P1^0;
   4          sbit ADDR1=P1^1;
   5          sbit ADDR2=P1^2;
   6          
   7          sbit ADDR3=P1^3;
   8          sbit ENLED=P1^4;
   9          
  10          void main()
  11          {
  12   1        unsigned int i=0;
  13   1        unsigned char cnt=0;
  14   1        ENLED=0;
  15   1        ADDR3=1;
  16   1      
  17   1        ADDR2=1;
  18   1        ADDR1=1;
  19   1        ADDR0=0;
  20   1        while(1)
  21   1        {
  22   2               for(cnt=0;cnt<7;cnt++)    //移位判断，向左移7位，第一个不记做移位
  23   2           {
  24   3              P0=~(0x03<<cnt);                //逻辑左移,取反，0000 0011――1111 1100
  25   3                      for(i=0;i<30000;i++);     //延时函数，不断执行空循环
  26   3           }
  27   2               for(cnt=0;cnt<7;cnt++)     //移位判断，向右移7位，第一个不记做移位
  28   2               {
  29   3                  P0=~(0xC0>>cnt);            //逻辑右移,取反，1100 0000――0011 1111
  30   3                      for(i=0;i<30000;i++);     //延时函数，不断执行空循环
  31   3                }
  32   2        }
  33   1      }


MODULE INFORMATION:   STATIC OVERLAYABLE
   CODE SIZE        =     86    ----
   CONSTANT SIZE    =   ----    ----
   XDATA SIZE       =   ----    ----
   PDATA SIZE       =   ----    ----
   DATA SIZE        =   ----    ----
   IDATA SIZE       =   ----    ----
   BIT SIZE         =   ----    ----
END OF MODULE INFORMATION.


C51 COMPILATION COMPLETE.  0 WARNING(S),  0 ERROR(S)
