C51 COMPILER V9.01   LCD1602                                                               05/03/2018 17:08:04 PAGE 1   


C51 COMPILER V9.01, COMPILATION OF MODULE LCD1602
OBJECT MODULE PLACED IN Lcd1602.OBJ
COMPILER INVOKED BY: D:\Keil4\C51\BIN\C51.EXE Lcd1602.c BROWSE DEBUG OBJECTEXTEND

line level    source

   1           #include <reg52.h>
   2          
   3          #define LCD1602_DB P0
   4          sbit LCD1602_RS = P1^0;
   5          sbit LCD1602_RW = P1^1;
   6          sbit LCD1602_E = P1^5;
   7          #define  _LCD1602_C
   8          
   9          
  10          uint8 tmpP0;   //暂存P0口的值
*** ERROR C129 IN LINE 10 OF LCD1602.C: missing ';' before 'tmpP0'
  11          bit tmpADDR0;  //暂存LED位选译码地址0的值
  12          bit tmpADDR1;  //暂存LED位选译码地址1的值
  13          
  14          /* 暂停LED动态扫描，暂存相关引脚的值 */
  15          void LedScanPause()
  16          {
  17              ENLED = 1;
  18              tmpP0 = P0;
  19              tmpADDR0 = ADDR0;
  20              tmpADDR1 = ADDR1;
  21          }
  22          
  23          /* 恢复LED动态扫描，恢复相关引脚的值 */
  24          void LedScanContinue()
  25          {
  26              ADDR0 = tmpADDR0;
  27              ADDR1 = tmpADDR1;
  28              P0 = tmpP0;
  29              ENLED = 0;
  30          }
  31          
  32          /* 等待液晶准备好 */
  33          void LcdWaitReady()
  34          {
  35              uint8 sta;
  36              
  37              LCD1602_DB = 0xFF;
  38              LCD1602_RS = 0;
  39              LCD1602_RW = 1;
  40              do {
  41                  LCD1602_E = 1;
  42                  sta = LCD1602_DB; //读取状态字
  43                  LCD1602_E = 0;
  44              } while (sta & 0x80); //bit7等于1表示液晶正忙，重复检测直到其等于0为止
  45          }
  46          
  47          /* 向LCD1602液晶写入一字节命令，cmd-待写入命令值 */
  48          void LcdWriteCmd(uint8 cmd)
  49          {
  50              LedScanPause();
  51              LcdWaitReady();
  52              LCD1602_RS = 0;
  53              LCD1602_RW = 0;
  54              LCD1602_DB = cmd;
C51 COMPILER V9.01   LCD1602                                                               05/03/2018 17:08:04 PAGE 2   

  55              LCD1602_E  = 1;
  56              LCD1602_E  = 0;
  57              LedScanContinue();
  58          }
  59          
  60          /* 向LCD1602液晶写入一字节数据，dat-待写入数据值 */
  61          void LcdWriteDat(uint8 dat)
  62          {
  63              LedScanPause();
  64              LcdWaitReady();
  65              LCD1602_RS = 1;
  66              LCD1602_RW = 0;
  67              LCD1602_DB = dat;
  68              LCD1602_E  = 1;
  69              LCD1602_E  = 0;
  70              LedScanContinue();
  71          }
  72          
  73          /* 清屏 */
  74          void LcdClearScreen()
  75          {
  76                  LcdWriteCmd(0x01);
  77          }
  78          
  79          /* 打开光标的闪烁效果 */
  80          void LcdOpenCursor()
  81          {
  82                  LcdWriteCmd(0x0F);
  83          }
  84          
  85          /* 关闭光标显示 */
  86          void LcdCloseCursor()
  87          {
  88                  LcdWriteCmd(0x0C);
  89          }
  90          
  91          /* 设置显示RAM起始地址，亦即光标位置，(x,y)-对应屏幕上的字符坐标 */
  92          void LcdSetCursor(uint8 x, uint8 y)
  93          {
  94              uint8 addr;
  95              
  96              if (y == 0)  //由输入的屏幕坐标计算显示RAM的地址
  97                  addr = 0x00 + x;  //第一行字符地址从0x00起始
  98              else
  99                  addr = 0x40 + x;  //第二行字符地址从0x40起始
 100              LcdWriteCmd(addr | 0x80);  //设置RAM地址
 101          }
 102          
 103          /* 在液晶上显示字符串，(x,y)-对应屏幕上的起始坐标，str-字符串指针 */
 104          void LcdShowStr(uint8 x, uint8 y, uint8 *str)
 105          {
 106              LcdSetCursor(x, y);   //设置起始地址
 107              while (*str != '\0')  //连续写入字符串数据，直到检测到结束符
 108              {
 109                  LcdWriteDat(*str++);
 110              }
 111          }
 112          
 113          /* 在液晶上显示一个字符，(x,y)-对应屏幕上的起始坐标，chr-字符ASCII码 */
 114          void LcdShowChar(uint8 x, uint8 y, uint8 chr)
 115          {
 116              LcdSetCursor(x, y);  //设置起始地址
C51 COMPILER V9.01   LCD1602                                                               05/03/2018 17:08:04 PAGE 3   

 117              LcdWriteDat(chr);    //写入ASCII字符
 118          }
 119          
 120          /* 初始化1602液晶 */
 121          void InitLcd1602()
 122          {
 123              LcdWriteCmd(0x38);  //16*2显示，5*7点阵，8位数据接口
 124              LcdWriteCmd(0x0C);  //显示器开，光标关闭
 125              LcdWriteCmd(0x06);  //文字不动，地址自动+1
 126              LcdWriteCmd(0x01);  //清屏
 127          }

C51 COMPILATION COMPLETE.  0 WARNING(S),  1 ERROR(S)
