C51 COMPILER V9.01   MAIN                                                                  07/09/2018 08:42:11 PAGE 1   


C51 COMPILER V9.01, COMPILATION OF MODULE MAIN
OBJECT MODULE PLACED IN main.OBJ
COMPILER INVOKED BY: D:\Keil4\C51\BIN\C51.EXE main.c BROWSE DEBUG OBJECTEXTEND

line level    source

   1          #include <reg52.h>
   2          sbit ADDR0=P1^0;
   3          sbit ADDR1=P1^1;
   4          sbit ADDR2=P1^2;
   5          
   6          sbit ADDR3=P1^3;
   7          sbit ENLED=P1^4;
   8          
   9          //unsigned char ledd[7]={0xE7,0xDB,0xBD,0x7E,0xBD,0xDB};
  10              //其实就是定义了一个亮灯状态表,由中间到两边，再由两边倒中间,然后P0循环此数组
  11              //1110 0111  ,  1101 1011 , 1011 1101  ,0111 1110, 1011 1101, 1101 1011, 1110 0111
  12          /*unsigned char ledd1[30]={0xE7,0xDB,0xBD,0x7E,0xBD,0xDB,
  13                                   0x7F,0xBF,0xDF,0xEF,0xF7,0xFB,0xFD,0xFE,
  14                                                           0xFD,0xFB,0xF7,0xEF,0xDF,0xBF,0x7F,0xEF}; //22
  15                                                           */
  16          unsigned char ledd2[50]={0xEF,0xDF,0xBF,0x7F, 0xF7,0xFB,0xFD,0xFE,
  17                                                           0xEF,0xDF,0xBF,0x7F,0xBF,0xDF,0xEF,0xF7,0xFB,0xFD,0xFE,
  18                                   0xFD,0xFB,0xF7,0xEF,0xDF,0xBF,0x7F,0xBF,0xDF};   //28
  19          unsigned char ledd3[20]={0xFC,0xF9,0xE7,0xCF,0x9F,0x3F,0x7F,0x3F,0x9F,0xCF,0xE7,0xF9,0xFC,0xFE}; //14    
  20          unsigned char ledd4[25]={0x7F,0x3F,0x1F,0x0F,0x87,0xC3,0xE1,0xF0,0xF8,0xFC,0xFE,0xFC,0xF8,0xF0,0xE1,0xC3,0
             -x87,0x0F,
  21                                   0x1F,0x3F,0x7F}; //   21   
  22          unsigned char ledd5[20]={0xFA,0xFD,0xF5,0xF4,0xEB,0xF7,0xD7,0xEF,0xAF,0xDF,0x5F,0xBF}; //12
  23                                               
  24          void main()
  25          {
  26   1          unsigned int i=0;
  27   1              unsigned int cnt=0;
  28   1              ENLED=0;
  29   1          ADDR3=1;
  30   1      
  31   1          ADDR2=1;
  32   1          ADDR1=1;
  33   1          ADDR0=0;
  34   1         
  35   1          while(1)
  36   1          {
  37   2              for(cnt=0;cnt<12;cnt++)
  38   2                      {
  39   3                  P0=ledd5[cnt];
  40   3                              for(i=0;i<30000;i++);
  41   3                      }
  42   2        }
  43   1      }


MODULE INFORMATION:   STATIC OVERLAYABLE
   CODE SIZE        =     47    ----
   CONSTANT SIZE    =   ----    ----
   XDATA SIZE       =   ----    ----
   PDATA SIZE       =   ----    ----
   DATA SIZE        =    115    ----
   IDATA SIZE       =   ----    ----
   BIT SIZE         =   ----    ----
END OF MODULE INFORMATION.

C51 COMPILER V9.01   MAIN                                                                  07/09/2018 08:42:11 PAGE 2   


C51 COMPILATION COMPLETE.  0 WARNING(S),  0 ERROR(S)
