C51 COMPILER V9.01   MAIN                                                                  04/11/2018 10:00:12 PAGE 1   


C51 COMPILER V9.01, COMPILATION OF MODULE MAIN
OBJECT MODULE PLACED IN main.OBJ
COMPILER INVOKED BY: D:\Keil4\C51\BIN\C51.EXE main.c BROWSE DEBUG OBJECTEXTEND

line level    source

   1          #include<reg52.h>
   2          
   3          sbit ADDR0=P1^0;
   4          sbit ADDR1=P1^1;
   5          sbit ADDR2=P1^2;
   6          sbit ADDR3=P1^3;
   7          sbit ENLED=P1^4;
   8          
   9          void main()
  10          {
  11   1        unsigned int i=0;
  12   1        unsigned char cnt=0;
  13   1        ENLED=0;
  14   1        ADDR3=1;
  15   1        ADDR2=1;
  16   1        ADDR1=1;
  17   1        ADDR0=0;
  18   1        while(1)
  19   1        {
  20   2           P0=~(0x01<<cnt);
  21   2               for(i=0;i<20000;i++);
  22   2               cnt++;
  23   2               if(cnt>=8)
  24   2               {
  25   3                  cnt=0;
  26   3               }
  27   2        }
  28   1      }


MODULE INFORMATION:   STATIC OVERLAYABLE
   CODE SIZE        =     53    ----
   CONSTANT SIZE    =   ----    ----
   XDATA SIZE       =   ----    ----
   PDATA SIZE       =   ----    ----
   DATA SIZE        =   ----    ----
   IDATA SIZE       =   ----    ----
   BIT SIZE         =   ----    ----
END OF MODULE INFORMATION.


C51 COMPILATION COMPLETE.  0 WARNING(S),  0 ERROR(S)
