C51 COMPILER V9.01   MAIN                                                                  05/26/2018 16:01:55 PAGE 1   


C51 COMPILER V9.01, COMPILATION OF MODULE MAIN
OBJECT MODULE PLACED IN main.OBJ
COMPILER INVOKED BY: D:\Keil4\C51\BIN\C51.EXE main.c BROWSE DEBUG OBJECTEXTEND

line level    source

   1          #include <reg52.h>  
   2            
   3          sbit  P3_4 = P3^4;  
   4            
   5          static bit OP;        //红外发射管的亮灭  
   6            
   7          static unsigned int ncount;       //延时计数器  
   8            
   9          static unsigned int endncount; //终止延时计数  
  10            
  11          static unsigned char flag;      //红外发送标志  
  12            
  13          char iraddr1;  //十六位地址的第一个字节  
  14            
  15          char iraddr2;  //十六位地址的第二个字节  
  16            
  17          void SendIRdata(char p_irdata);  
  18            
  19          void delay();  
  20            
  21          void main(void)  
  22            
  23          {  
  24   1        
  25   1          ncount = 0;  
  26   1        
  27   1          flag = 0;  
  28   1        
  29   1          OP = 0;  
  30   1        
  31   1          P3_4 = 0;  
  32   1        
  33   1          EA = 1; //允许CPU中断  
  34   1        
  35   1          TMOD = 0x11; //设定时器0和1为16位模式1  
  36   1        
  37   1          ET0 = 1; //定时器0中断允许  
  38   1        
  39   1          TH0 = 0xFF;  
  40   1        
  41   1          TL0 = 0xE8; //设定时值0为38K 也就是每隔26us中断一次   
  42   1        
  43   1          TR0 = 1;//开始计数  
  44   1        
  45   1          iraddr1=3;  
  46   1        
  47   1          iraddr2=252;  
  48   1        
  49   1          do{  
  50   2        
  51   2              //unsigned char i;  
  52   2        
  53   2              delay();  
  54   2        
  55   2              SendIRdata(12);  
C51 COMPILER V9.01   MAIN                                                                  05/26/2018 16:01:55 PAGE 2   

  56   2        
  57   2          }while(1);  
  58   1        
  59   1      }  
  60            
  61          //定时器0中断处理  
  62            
  63          void timeint(void) interrupt 1  
  64            
  65          {  
  66   1        
  67   1          TH0=0xFF;  
  68   1        
  69   1          TL0=0xE8; //设定时值为38K 也就是每隔26us中断一次  
  70   1        
  71   1          ncount++;  
  72   1        
  73   1          if (flag==1)  
  74   1        
  75   1          {  
  76   2        
  77   2              OP=~OP;  
  78   2        
  79   2          }  
  80   1        
  81   1          else  
  82   1        
  83   1          {  
  84   2        
  85   2              OP = 0;  
  86   2        
  87   2          }  
  88   1        
  89   1          P3_4 = OP;  
  90   1        
  91   1      }  
  92            
  93          void SendIRdata(char p_irdata)  
  94            
  95          {  
  96   1        
  97   1          int i;  
  98   1        
  99   1          char irdata=p_irdata;  
 100   1        
 101   1          //发送9ms的起始码  
 102   1        
 103   1          endncount=223;  
 104   1        
 105   1          flag=1;  
 106   1        
 107   1          ncount=0;  
 108   1        
 109   1          do{}while(ncount<endncount);  
 110   1        
 111   1          //发送4.5ms的结果码  
 112   1        
 113   1          endncount=117;  
 114   1        
 115   1          flag=0;  
 116   1        
 117   1          ncount=0;  
C51 COMPILER V9.01   MAIN                                                                  05/26/2018 16:01:55 PAGE 3   

 118   1        
 119   1          do{}while(ncount<endncount);  
 120   1        
 121   1          //发送十六位地址的前八位  
 122   1        
 123   1          irdata=iraddr1;  
 124   1        
 125   1          for(i=0;i<8;i++)  
 126   1        
 127   1          {  
 128   2        
 129   2              //先发送0.56ms的38KHZ红外波（即编码中0.56ms的低电平）  
 130   2        
 131   2              endncount=10;  
 132   2        
 133   2              flag=1;  
 134   2        
 135   2              ncount=0;  
 136   2        
 137   2              do{}while(ncount<endncount);  
 138   2        
 139   2              //停止发送红外信号（即编码中的高电平）  
 140   2        
 141   2              if(irdata-(irdata/2)*2)  //判断二进制数个位为1还是0  
 142   2        
 143   2              {  
 144   3        
 145   3                  endncount=41;  //1为宽的高电平  
 146   3        
 147   3              }  
 148   2              else  
 149   2              {  
 150   3                  endncount=15;   //0为窄的高电平  
 151   3              }  
 152   2              flag=0;  
 153   2              ncount=0;  
 154   2              do{}while(ncount<endncount);  
 155   2              irdata=irdata>>1;  
 156   2          }  
 157   1          //发送十六位地址的后八位  
 158   1          irdata=iraddr2;  
 159   1          for(i=0;i<8;i++)  
 160   1          {  
 161   2              endncount=10;  
 162   2              flag=1;  
 163   2              ncount=0;  
 164   2              do{}while(ncount<endncount);  
 165   2              if(irdata-(irdata/2)*2)  
 166   2              {  
 167   3                  endncount=41;  
 168   3              }  
 169   2              else  
 170   2              {  
 171   3                  endncount=15;  
 172   3              }  
 173   2              flag=0;  
 174   2              ncount=0;  
 175   2              do{}while(ncount<endncount);  
 176   2              irdata=irdata>>1;  
 177   2          }  
 178   1          //发送八位数据  
 179   1          irdata=p_irdata;  
C51 COMPILER V9.01   MAIN                                                                  05/26/2018 16:01:55 PAGE 4   

 180   1          for(i=0;i<8;i++)  
 181   1          {  
 182   2              endncount=10;  
 183   2              flag=1;  
 184   2              ncount=0;  
 185   2              do{}while(ncount<endncount);  
 186   2              if(irdata-(irdata/2)*2)  
 187   2              {  
 188   3                  endncount=41;  
 189   3              }  
 190   2              else  
 191   2              {  
 192   3                  endncount=15;  
 193   3              }  
 194   2              flag=0;  
 195   2              ncount=0;  
 196   2              do{}while(ncount<endncount);  
 197   2              irdata=irdata>>1;  
 198   2          }  
 199   1          //发送八位数据的反码  
 200   1          irdata=~p_irdata;  
 201   1          for(i=0;i<8;i++)  
 202   1          {  
 203   2              endncount=10;  
 204   2              flag=1;  
 205   2              ncount=0;  
 206   2              do{}while(ncount<endncount);  
 207   2              if(irdata-(irdata/2)*2)  
 208   2              {  
 209   3                  endncount=41;  
 210   3              }  
 211   2              else  
 212   2              {  
 213   3                  endncount=15;  
 214   3              }  
 215   2              flag=0;  
 216   2              ncount=0;  
 217   2              do{}while(ncount<endncount);  
 218   2              irdata=irdata>>1;  
 219   2          }  
 220   1          endncount=10;  
 221   1          flag=1;  
 222   1          ncount=0;  
 223   1          do{}while(ncount<endncount);  
 224   1          flag=0;  
 225   1      }  
 226            
 227          void delay()  
 228            
 229          {  
 230   1        
 231   1          int i,j;  
 232   1        
 233   1          for(i = 0; i < 400; i++){  
 234   2        
 235   2              for(j = 0; j < 200; j++){  
 236   3        
 237   3              }  
 238   2        
 239   2          }  
 240   1        
 241   1      }  
C51 COMPILER V9.01   MAIN                                                                  05/26/2018 16:01:55 PAGE 5   



MODULE INFORMATION:   STATIC OVERLAYABLE
   CODE SIZE        =    550    ----
   CONSTANT SIZE    =   ----    ----
   XDATA SIZE       =   ----    ----
   PDATA SIZE       =   ----    ----
   DATA SIZE        =      7    ----
   IDATA SIZE       =   ----    ----
   BIT SIZE         =      1    ----
END OF MODULE INFORMATION.


C51 COMPILATION COMPLETE.  0 WARNING(S),  0 ERROR(S)
