C51 COMPILER V9.01   MAIN                                                                  05/26/2018 15:58:51 PAGE 1   


C51 COMPILER V9.01, COMPILATION OF MODULE MAIN
OBJECT MODULE PLACED IN main.OBJ
COMPILER INVOKED BY: D:\Keil4\C51\BIN\C51.EXE main.c BROWSE DEBUG OBJECTEXTEND

line level    source

   1          #include<reg52.h>
   2          #include<intrins.h>
   3          #define uchar unsigned char
   4          #define uint unsigned int
   5          #define disout P2 
   6          sbit  dula=P3^7; 
   7          uchar code table[]={
   8          0x45,0x46,0x47,0x4f,
   9          0x66,0x6d,0x7d,0x07,
  10          0x7f,0x6f,0x77,0x7c,
  11          0x39,0x5e,0x79,0x71};
  12          sbit remotein=P3^4;// 遥控输入
  13          sbit sin=P3^0;   //基准正弦波相位输入
  14          uint i,j,n0=1,n1=1,k,n,a=1;
  15          uint keyvol,PWM_T=0;
  16          sbit K1=P0^0;
  17          
  18          sbit LED=P1^0;
  19          sbit LED1=P1^1;
  20          
  21          sbit  K2=P0^1;
  22          
  23          
  24          sbit K3=P0^2;
  25          
  26          
  27          sbit K4=P0^3;
  28          
  29          
  30          sbit K5=P0^4;
  31          
  32          
  33          sbit K6=P0^5;
  34          
  35          
  36          sbit K7=P0^6;
  37          
  38          
  39          sbit K8=P0^7;
  40          
  41          
  42          uint i,j,m,n,k,s=1;
  43          uint keyvol;              //值存放
  44          //
  45          /*********1 毫秒延时程序**********/
  46          delay1ms(uint t)
  47          {
  48   1      for(i=0;i<t;i++)
  49   1      for(j=0;j<120;j++);
  50   1      }
  51          /***********初始化函数**********/
  52          clearmen()
  53          { 
  54   1      dula=0; 
  55   1      EX0=1;
C51 COMPILER V9.01   MAIN                                                                  05/26/2018 15:58:51 PAGE 2   

  56   1      EA=1;              //开总中断
  57   1      TMOD=0x02;
  58   1      TH0=0xFF;
  59   1      TL0=0xE8;
  60   1      ET0=1;
  61   1      }
  62          //
  63          
  64          /**********函数************/
  65          loop()
  66          {
  67   1      switch(disout&0x07)
  68   1      {
  69   2      case 0:{s=1;break;}
  70   2      case 1:{s=2;break;} case 2:{s=3;break;} case 3:{s=4;break;} case 4:{s=5;break;} case 5:{s=6;break;} case 6
             -:{s=7;break;} case 7:{s=8;break;} default:break;}
  71   1      }
  72          xianshi()
  73          {
  74   1      dula=1; P1=table[keyvol-2] ; dula=0;
  75   1      }
  76          
  77          
  78          //
  79          //
  80          
  81          
  82          
  83          /***********主函数***************/
  84          main()
  85          {
  86   1      clearmen();              //初始化
  87   1      //loop();
  88   1      P2=0xff;
  89   1      while(1);
  90   1      //{
  91   1      //while(sin==1); delay1ms(s); K8=0;delay1ms(1);K8=1;
  92   1      //}
  93   1      }
  94          /************外中断遥控接收函数**************/
  95          //外中断 0
  96          void intt0(void) interrupt 0
  97          {
  98   1      EX0=0;keyvol=0;
  99   1      if(remotein==0)
 100   1      {delay1ms(1);
 101   2      if(remotein==0)
 102   2      {
 103   3      while(1)
 104   3      {
 105   4      while(remotein==0);
 106   4      keyvol++;k=0;
 107   4      while(remotein==1)
 108   4      {delay1ms(1);k++;
 109   5      if(k>2)
 110   5      { 
 111   6      xianshi();goto OOUUTT; xianshi();
 112   6      };
 113   5      }
 114   4      }
 115   3      OOUUTT:
 116   3      switch(keyvol)
C51 COMPILER V9.01   MAIN                                                                  05/26/2018 15:58:51 PAGE 3   

 117   3      {
 118   4      case 2:
 119   4      
 120   4      TR0=0;
 121   4      if(n0%2!=0)
 122   4      {
 123   5      LED=1;
 124   5      }
 125   4      else
 126   4      LED=0;
 127   4      if(n0==10)
 128   4      {
 129   5      n0=1;}
 130   4      break;
 131   4      
 132   4      //{K1=~K1;break;}
 133   4      case 3:
 134   4          
 135   4                      TR0=0;
 136   4      if(n1%2!=0)
 137   4      {
 138   5      LED1=1;
 139   5      }
 140   4      else
 141   4      LED=0;
 142   4      if(n1==10)
 143   4      {
 144   5      n1=1;}
 145   4      break;
 146   4      
 147   4                //{K2=~K2;break;} case 4:{K3=~K3;break;} case 5:{K4=~K4;break;} case 6:{K5=~K5;break;} case 7:{K6=~K6;b
             -reak;} case 8:{K7=~K7;break;}
 148   4      //case 9:{if(disout==0x00){disout=0xff;}else{disout--;}loop();break;}
 149   4      default:break;
 150   4      }
 151   3      }
 152   2      }
 153   1      EX0=1;
 154   1      }
*** WARNING C290 IN LINE 50 OF MAIN.C: missing return value
*** WARNING C290 IN LINE 61 OF MAIN.C: missing return value
*** WARNING C290 IN LINE 71 OF MAIN.C: missing return value
*** WARNING C290 IN LINE 75 OF MAIN.C: missing return value


MODULE INFORMATION:   STATIC OVERLAYABLE
   CODE SIZE        =    344    ----
   CONSTANT SIZE    =     16    ----
   XDATA SIZE       =   ----    ----
   PDATA SIZE       =   ----    ----
   DATA SIZE        =     22    ----
   IDATA SIZE       =   ----    ----
   BIT SIZE         =   ----    ----
END OF MODULE INFORMATION.


C51 COMPILATION COMPLETE.  4 WARNING(S),  0 ERROR(S)
