C51 COMPILER V9.01   I2C                                                                   05/01/2018 23:30:34 PAGE 1   


C51 COMPILER V9.01, COMPILATION OF MODULE I2C
OBJECT MODULE PLACED IN I2C.OBJ
COMPILER INVOKED BY: D:\Keil4\C51\BIN\C51.EXE I2C.c BROWSE DEBUG OBJECTEXTEND

line level    source

   1          /*
   2          *******************************************************************************
   3          *                     《手把手教你学51单片机(C语言版)》
   4          *                    配套 KST-51 单片机开发板 示例源代码
   5          *
   6          *         (c) 版权所有 2014 金沙滩工作室/清华大学出版社 保留所有权利
   7          *                 获取更多资料请访问：http://www.kingst.org
   8          *
   9          * 文件名：I2C.c
  10          * 描  述：I2C总线驱动模块
  11          * 版本号：v1.0.0
  12          * 备  注：基于IO口模拟实现，总线时序延时等皆由软件方式实现
  13          *******************************************************************************
  14          */
  15          
  16          #include <reg52.h>
  17          #include <intrins.h>
  18          
  19          #define I2CDelay()  {_nop_();_nop_();_nop_();_nop_();}
  20          sbit I2C_SCL = P3^7;
  21          sbit I2C_SDA = P3^6;
  22          
  23          /* 产生总线起始信号 */
  24          void I2CStart()
  25          {
  26   1          I2C_SDA = 1; //首先确保SDA、SCL都是高电平
  27   1          I2C_SCL = 1;
  28   1          I2CDelay();
  29   1          I2C_SDA = 0; //先拉低SDA
  30   1          I2CDelay();
  31   1          I2C_SCL = 0; //再拉低SCL
  32   1      }
  33          /* 产生总线停止信号 */
  34          void I2CStop()
  35          {
  36   1          I2C_SCL = 0; //首先确保SDA、SCL都是低电平
  37   1          I2C_SDA = 0;
  38   1          I2CDelay();
  39   1          I2C_SCL = 1; //先拉高SCL
  40   1          I2CDelay();
  41   1          I2C_SDA = 1; //再拉高SDA
  42   1          I2CDelay();
  43   1      }
  44          /* I2C总线写操作，dat-待写入字节，返回值-从机应答位的值 */
  45          bit I2CWrite(unsigned char dat)
  46          {
  47   1          bit ack;  //用于暂存应答位的值
  48   1          unsigned char mask;  //用于探测字节内某一位值的掩码变量
  49   1      
  50   1          for (mask=0x80; mask!=0; mask>>=1) //从高位到低位依次进行
  51   1          {
  52   2              if ((mask&dat) == 0)  //该位的值输出到SDA上
  53   2                  I2C_SDA = 0;
  54   2              else
  55   2                  I2C_SDA = 1;
C51 COMPILER V9.01   I2C                                                                   05/01/2018 23:30:34 PAGE 2   

  56   2              I2CDelay();
  57   2              I2C_SCL = 1;          //拉高SCL
  58   2              I2CDelay();
  59   2              I2C_SCL = 0;          //再拉低SCL，完成一个位周期
  60   2          }
  61   1          I2C_SDA = 1;   //8位数据发送完后，主机释放SDA，以检测从机应答
  62   1          I2CDelay();
  63   1          I2C_SCL = 1;   //拉高SCL
  64   1          ack = I2C_SDA; //读取此时的SDA值，即为从机的应答值
  65   1          I2CDelay();
  66   1          I2C_SCL = 0;   //再拉低SCL完成应答位，并保持住总线
  67   1      
  68   1          return (~ack); //应答值取反以符合通常的逻辑：
  69   1                         //0=不存在或忙或写入失败，1=存在且空闲或写入成功
  70   1      }
  71          /* I2C总线读操作，并发送非应答信号，返回值-读到的字节 */
  72          unsigned char I2CReadNAK()
  73          {
  74   1          unsigned char mask;
  75   1          unsigned char dat;
  76   1      
  77   1          I2C_SDA = 1;  //首先确保主机释放SDA
  78   1          for (mask=0x80; mask!=0; mask>>=1) //从高位到低位依次进行
  79   1          {
  80   2              I2CDelay();
  81   2              I2C_SCL = 1;      //拉高SCL
  82   2              if(I2C_SDA == 0)  //读取SDA的值
  83   2                  dat &= ~mask; //为0时，dat中对应位清零
  84   2              else
  85   2                  dat |= mask;  //为1时，dat中对应位置1
  86   2              I2CDelay();
  87   2              I2C_SCL = 0;      //再拉低SCL，以使从机发送出下一位
  88   2          }
  89   1          I2C_SDA = 1;   //8位数据发送完后，拉高SDA，发送非应答信号
  90   1          I2CDelay();
  91   1          I2C_SCL = 1;   //拉高SCL
  92   1          I2CDelay();
  93   1          I2C_SCL = 0;   //再拉低SCL完成非应答位，并保持住总线
  94   1      
  95   1          return dat;
  96   1      }
  97          /* I2C总线读操作，并发送应答信号，返回值-读到的字节 */
  98          unsigned char I2CReadACK()
  99          {
 100   1          unsigned char mask;
 101   1          unsigned char dat;
 102   1      
 103   1          I2C_SDA = 1;  //首先确保主机释放SDA
 104   1          for (mask=0x80; mask!=0; mask>>=1) //从高位到低位依次进行
 105   1          {
 106   2              I2CDelay();
 107   2              I2C_SCL = 1;      //拉高SCL
 108   2              if(I2C_SDA == 0)  //读取SDA的值
 109   2                  dat &= ~mask; //为0时，dat中对应位清零
 110   2              else
 111   2                  dat |= mask;  //为1时，dat中对应位置1
 112   2              I2CDelay();
 113   2              I2C_SCL = 0;      //再拉低SCL，以使从机发送出下一位
 114   2          }
 115   1          I2C_SDA = 0;   //8位数据发送完后，拉低SDA，发送应答信号
 116   1          I2CDelay();
 117   1          I2C_SCL = 1;   //拉高SCL
C51 COMPILER V9.01   I2C                                                                   05/01/2018 23:30:34 PAGE 3   

 118   1          I2CDelay();
 119   1          I2C_SCL = 0;   //再拉低SCL完成应答位，并保持住总线
 120   1      
 121   1          return dat;
 122   1      }


MODULE INFORMATION:   STATIC OVERLAYABLE
   CODE SIZE        =    194    ----
   CONSTANT SIZE    =   ----    ----
   XDATA SIZE       =   ----    ----
   PDATA SIZE       =   ----    ----
   DATA SIZE        =   ----    ----
   IDATA SIZE       =   ----    ----
   BIT SIZE         =   ----       1
END OF MODULE INFORMATION.


C51 COMPILATION COMPLETE.  0 WARNING(S),  0 ERROR(S)
