C51 COMPILER V9.01   LCD1602                                                               05/20/2018 16:57:52 PAGE 1   


C51 COMPILER V9.01, COMPILATION OF MODULE LCD1602
OBJECT MODULE PLACED IN Lcd1602.OBJ
COMPILER INVOKED BY: D:\Keil4\C51\BIN\C51.EXE Lcd1602.c BROWSE DEBUG OBJECTEXTEND

line level    source

   1          /*
   2          *******************************************************************************
   3          *                     《手把手教你学51单片机(C语言版)》
   4          *                    配套 KST-51 单片机开发板 示例源代码
   5          *
   6          *         (c) 版权所有 2014 金沙滩工作室/清华大学出版社 保留所有权利
   7          *                 获取更多资料请访问：http://www.kingst.org
   8          *
   9          * 文件名：Lcd1602.c
  10          * 描  述：1602字符液晶驱动模块
  11          * 版本号：v1.0.0
  12          * 备  注：
  13          *******************************************************************************
  14          */
  15          
  16          #include <reg52.h>
  17          
  18          #define LCD1602_DB  P0
  19          sbit LCD1602_RS = P1^0;
  20          sbit LCD1602_RW = P1^1;
  21          sbit LCD1602_E  = P1^5;
  22          
  23          /* 等待液晶准备好 */
  24          void LcdWaitReady()
  25          {
  26   1          unsigned char sta;
  27   1          
  28   1          LCD1602_DB = 0xFF;
  29   1          LCD1602_RS = 0;
  30   1          LCD1602_RW = 1;
  31   1          do {
  32   2              LCD1602_E = 1;
  33   2              sta = LCD1602_DB; //读取状态字
  34   2              LCD1602_E = 0;
  35   2          } while (sta & 0x80); //bit7等于1表示液晶正忙，重复检测直到其等于0为止
  36   1      }
  37          /* 向LCD1602液晶写入一字节命令，cmd-待写入命令值 */
  38          void LcdWriteCmd(unsigned char cmd)
  39          {
  40   1          LcdWaitReady();
  41   1          LCD1602_RS = 0;
  42   1          LCD1602_RW = 0;
  43   1          LCD1602_DB = cmd;
  44   1          LCD1602_E  = 1;
  45   1          LCD1602_E  = 0;
  46   1      }
  47          /* 向LCD1602液晶写入一字节数据，dat-待写入数据值 */
  48          void LcdWriteDat(unsigned char dat)
  49          {
  50   1          LcdWaitReady();
  51   1          LCD1602_RS = 1;
  52   1          LCD1602_RW = 0;
  53   1          LCD1602_DB = dat;
  54   1          LCD1602_E  = 1;
  55   1          LCD1602_E  = 0;
C51 COMPILER V9.01   LCD1602                                                               05/20/2018 16:57:52 PAGE 2   

  56   1      }
  57          /* 设置显示RAM起始地址，亦即光标位置，(x,y)-对应屏幕上的字符坐标 */
  58          void LcdSetCursor(unsigned char x, unsigned char y)
  59          {
  60   1          unsigned char addr;
  61   1          
  62   1          if (y == 0)  //由输入的屏幕坐标计算显示RAM的地址
  63   1              addr = 0x00 + x;  //第一行字符地址从0x00起始
  64   1          else
  65   1              addr = 0x40 + x;  //第二行字符地址从0x40起始
  66   1          LcdWriteCmd(addr | 0x80);  //设置RAM地址
  67   1      }
  68          /* 在液晶上显示字符串，(x,y)-对应屏幕上的起始坐标，str-字符串指针 */
  69          void LcdShowStr(unsigned char x, unsigned char y, unsigned char *str)
  70          {
  71   1          LcdSetCursor(x, y);   //设置起始地址
  72   1          while (*str != '\0')  //连续写入字符串数据，直到检测到结束符
  73   1          {
  74   2              LcdWriteDat(*str++);
  75   2          }
  76   1      }
  77          /* 初始化1602液晶 */
  78          void InitLcd1602()
  79          {
  80   1          LcdWriteCmd(0x38);  //16*2显示，5*7点阵，8位数据接口
  81   1          LcdWriteCmd(0x0C);  //显示器开，光标关闭
  82   1          LcdWriteCmd(0x06);  //文字不动，地址自动+1
  83   1          LcdWriteCmd(0x01);  //清屏
  84   1      }


MODULE INFORMATION:   STATIC OVERLAYABLE
   CODE SIZE        =    128    ----
   CONSTANT SIZE    =   ----    ----
   XDATA SIZE       =   ----    ----
   PDATA SIZE       =   ----    ----
   DATA SIZE        =   ----       3
   IDATA SIZE       =   ----    ----
   BIT SIZE         =   ----    ----
END OF MODULE INFORMATION.


C51 COMPILATION COMPLETE.  0 WARNING(S),  0 ERROR(S)
