C51 COMPILER V9.01   MAIN                                                                  04/11/2018 10:33:24 PAGE 1   


C51 COMPILER V9.01, COMPILATION OF MODULE MAIN
OBJECT MODULE PLACED IN main.OBJ
COMPILER INVOKED BY: D:\Keil4\C51\BIN\C51.EXE main.c BROWSE DEBUG OBJECTEXTEND

line level    source

   1          #include<reg52.h>
   2          
   3          sbit ADDR0=P1^0;
   4          sbit ADDR1=P1^1;
   5          sbit ADDR2=P1^2;
   6          sbit ADDR3=P1^3;
   7          sbit ENLED=P1^4;
   8          
   9          void main()
  10          {
  11   1        unsigned int i=0;
  12   1        unsigned char cnt=0;
  13   1        ENLED=0;
  14   1        ADDR3=1;
  15   1        ADDR2=1;
  16   1        ADDR1=1;
  17   1        ADDR0=0;
  18   1        while(1)
  19   1        {
  20   2               for(cnt=0;cnt<7;cnt++)    //移位判断，向左移7位，第一个不记做移位
  21   2           {
  22   3              P0=~(0x01<<cnt);                //逻辑左移,取反，0000 0001――1111 1110
  23   3                      for(i=0;i<20000;i++);     //延时函数，不断执行空循环
  24   3           }
  25   2               for(cnt=0;cnt<7;cnt++)     //移位判断，向右移7位，第一个不记做移位
  26   2               {
  27   3                  P0=~(0x80>>cnt);            //逻辑右移,取反，1000 0000――0111 1111
  28   3                      for(i=0;i<20000;i++);     //延时函数，不断执行空循环
  29   3                }
  30   2        }
  31   1      }


MODULE INFORMATION:   STATIC OVERLAYABLE
   CODE SIZE        =     86    ----
   CONSTANT SIZE    =   ----    ----
   XDATA SIZE       =   ----    ----
   PDATA SIZE       =   ----    ----
   DATA SIZE        =   ----    ----
   IDATA SIZE       =   ----    ----
   BIT SIZE         =   ----    ----
END OF MODULE INFORMATION.


C51 COMPILATION COMPLETE.  0 WARNING(S),  0 ERROR(S)
