C51 COMPILER V9.01   MAIN                                                                  04/13/2018 21:23:50 PAGE 1   


C51 COMPILER V9.01, COMPILATION OF MODULE MAIN
OBJECT MODULE PLACED IN main.OBJ
COMPILER INVOKED BY: D:\Keil4\C51\BIN\C51.EXE main.c BROWSE DEBUG OBJECTEXTEND

line level    source

   1          #include<at89x52.h>
   2          
   3          sbit KEY_IN_1 = P2^4;      //定义按键IO口地址
   4          sbit KEY_IN_2 = P2^5;
   5          sbit KEY_IN_3 = P2^6;
   6          sbit KEY_IN_4 = P2^7;
   7          sbit KEY_OUT_1 = P2^3;
   8          sbit KEY_OUT_2 = P2^2;
   9          sbit KEY_OUT_3 = P2^1;
  10          sbit KEY_OUT_4 = P2^0;
  11          
  12          unsigned char code KeyCodeMap[4][4] = { //矩阵按键编号到标准键盘键码的映射表
  13          { 0x31, 0x32, 0x33, 0x26 }, //数字键 1、数字键 2、数字键 3、向上键
  14          { 0x34, 0x35, 0x36, 0x25 }, //数字键 4、数字键 5、数字键 6、向左键
  15          { 0x37, 0x38, 0x39, 0x28 }, //数字键 7、数字键 8、数字键 9、向下键
  16          { 0x30, 0x1B, 0x0D, 0x27 } //数字键 0、ESC 键、 回车键、 向右键
  17          };
  18          
  19          unsigned char KeySta[4][4] = { //全部矩阵按键的当前状态
  20          {1, 1, 1, 1}, {1, 1, 1, 1}, {1, 1, 1, 1}, {1, 1, 1, 1}
  21          };
  22          
  23          signed long beats = 0; //电机转动节拍总数
  24          void KeyDriver();
  25          
  26          void main()
  27          {
  28   1      EA = 1; //使能总中断,打开总开关
  29   1      
  30   1      T2MOD = 0x00; //设置 T2 为模式 0
  31   1      T2CON=0x00;
  32   1      TH2 = 0xFC; //为 T2 赋初值 0xFC67，定时 1ms
  33   1      TL2 = 0x67;
  34   1      RCAP2H=0xFC;
  35   1      RCAP2L=0x67;
  36   1      ET2 = 1; //使能 T2 中断
  37   1      TR2 = 1; //启动 T2
  38   1      while (1)
  39   1      {
  40   2      KeyDriver(); //调用按键驱动函数
  41   2      }
  42   1      }
  43          
  44          /* 步进电机启动函数，angle-需转过的角度 */
  45          void StartMotor(signed long angle)
  46          {
  47   1      //在计算前关闭中断，完成后再打开，以避免中断打断计算过程而造成错误
  48   1      EA = 0;
  49   1      beats = (angle * 4076)/360 ; //实测为 4076 拍转动一圈
  50   1      EA = 1;
  51   1      }
  52          
  53          /* 步进电机停止函数 */
  54          void StopMotor()
  55          {
C51 COMPILER V9.01   MAIN                                                                  04/13/2018 21:23:50 PAGE 2   

  56   1      EA = 0;
  57   1      beats = 0;
  58   1      EA = 1;
  59   1      }
  60          
  61          /* 按键动作函数，根据键码执行相应的操作，keycode-按键键码 */
  62          void KeyAction(unsigned char keycode)
  63          {
  64   1      static bit dirMotor = 0; //电机转动方向
  65   1      static signed long num=0;                 //保存输入的角度值
  66   1      if ((keycode>=0x30) && (keycode<=0x39)) //控制电机转动
  67   1      {
  68   2      num = (num*10)+(keycode-0x30); //整体十进制左移，新数字进入个位
  69   2      }
  70   1      else if(keycode==0x0D)     //按回车键开始转动
  71   1      {
  72   2      if (dirMotor == 0)        //正转
  73   2      {
  74   3      StartMotor(num);
  75   3      num=0;
  76   3      }
  77   2      else
  78   2      {
  79   3      StartMotor(-1*(num));     //反转
  80   3      num=0;
  81   3      }
  82   2      }
  83   1      else if (keycode == 0x26) //向上键，控制转动方向为正转
  84   1      {
  85   2      dirMotor = 0;
  86   2      }
  87   1      else if (keycode == 0x28) //向下键，控制转动方向为反转
  88   1      {
  89   2      dirMotor = 1;
  90   2      }
  91   1      else if (keycode == 0x25) //向左键，固定正转 360 度
  92   1      {
  93   2      StartMotor(360);
  94   2      }
  95   1      else if (keycode == 0x27) //向右键，固定反转 360 度
  96   1      {
  97   2      StartMotor(-360);
  98   2      }
  99   1      else if (keycode == 0x1B) //Esc 键，停止转动
 100   1      {
 101   2      StopMotor();
 102   2      }
 103   1      }
 104          
 105          /* 按键驱动函数，检测按键动作，调度相应动作函数，需在主循环中调用 */
 106          void KeyDriver()
 107          {
 108   1      unsigned char i, j;
 109   1      static unsigned char backup[4][4] = { //按键值备份，保存前一次的值
 110   1      {1, 1, 1, 1}, {1, 1, 1, 1}, {1, 1, 1, 1}, {1, 1, 1, 1}
 111   1      };
 112   1      for (i=0; i<4; i++) //循环检测 4*4 的矩阵按键
 113   1      {
 114   2      for (j=0; j<4; j++)
 115   2      {
 116   3      if (backup[i][j] != KeySta[i][j]) //检测按键动作
 117   3      {
C51 COMPILER V9.01   MAIN                                                                  04/13/2018 21:23:50 PAGE 3   

 118   4      if (backup[i][j] != 0) //按键按下时执行动作
 119   4      {
 120   5      KeyAction(KeyCodeMap[i][j]); //调用按键动作函数
 121   5      }
 122   4      backup[i][j] = KeySta[i][j]; //刷新前一次的备份值
 123   4      }
 124   3      }
 125   2      }
 126   1      }
 127          
 128          /* 按键扫描函数，需在定时中断中调用，推荐调用间隔 1ms */
 129          void KeyScan()
 130          {
 131   1      unsigned char i;
 132   1      static unsigned char keyout = 0; //矩阵按键扫描输出索引
 133   1      static unsigned char keybuf[4][4] = { //矩阵按键扫描缓冲区
 134   1      {0xFF, 0xFF, 0xFF, 0xFF}, {0xFF, 0xFF, 0xFF, 0xFF},
 135   1      {0xFF, 0xFF, 0xFF, 0xFF}, {0xFF, 0xFF, 0xFF, 0xFF}
 136   1      };
 137   1      //将一行的 4 个按键值移入缓冲区
 138   1      keybuf[keyout][0] = (keybuf[keyout][0] << 1) | KEY_IN_1;
 139   1      keybuf[keyout][1] = (keybuf[keyout][1] << 1) | KEY_IN_2;
 140   1      keybuf[keyout][2] = (keybuf[keyout][2] << 1) | KEY_IN_3;
 141   1      keybuf[keyout][3] = (keybuf[keyout][3] << 1) | KEY_IN_4;
 142   1      //消抖后更新按键状态
 143   1      for (i=0; i<4; i++) //每行 4 个按键，所以循环 4 次
 144   1      {
 145   2      if ((keybuf[keyout][i] & 0x0F) == 0x00)
 146   2      { //连续 4 次扫描值为 0，即 4*4ms 内都是按下状态时，可认为按键已稳定的按下
 147   3      KeySta[keyout][i] = 0;
 148   3      }
 149   2      else if ((keybuf[keyout][i] & 0x0F) == 0x0F)
 150   2      { //连续 4 次扫描值为 1，即 4*4ms 内都是弹起状态时，可认为按键已稳定的弹起
 151   3      KeySta[keyout][i] = 1;
 152   3      }
 153   2      }
 154   1      //执行下一次的扫描输出
 155   1      keyout++; //输出索引递增
 156   1      keyout = keyout & 0x03; //索引值加到 4 即归零
 157   1      switch (keyout) //根据索引，释放当前输出引脚，拉低下次的输出引脚
 158   1      {
 159   2      case 0: KEY_OUT_4 = 1; KEY_OUT_1 = 0; break;
 160   2      case 1: KEY_OUT_1 = 1; KEY_OUT_2 = 0; break;
 161   2      case 2: KEY_OUT_2 = 1; KEY_OUT_3 = 0; break;
 162   2      case 3: KEY_OUT_3 = 1; KEY_OUT_4 = 0; break;
 163   2      default: break;
 164   2      }
 165   1      }
 166          
 167          /* 电机转动控制函数 */
 168          void TurnMotor()
 169          {
 170   1      unsigned char tmp; //临时变量
 171   1      static unsigned char index = 0; //节拍输出索引
 172   1      unsigned char code BeatCode[8] = { //步进电机节拍对应的 IO 控制代码
 173   1      0xE, 0xC, 0xD, 0x9, 0xB, 0x3, 0x7, 0x6
 174   1      };
 175   1      if (beats != 0) //节拍数不为 0 则产生一个驱动节拍
 176   1      {
 177   2      if (beats > 0) //节拍数大于 0 时正转
 178   2      {
 179   3      index++; //正转时节拍输出索引递增
C51 COMPILER V9.01   MAIN                                                                  04/13/2018 21:23:50 PAGE 4   

 180   3      index = index & 0x07; //用&操作实现到 8 归零
 181   3      beats--; //正转时节拍计数递减
 182   3      }
 183   2      else //节拍数小于 0 时反转
 184   2      {
 185   3      index--; //反转时节拍输出索引递减
 186   3      index = index & 0x07; //用&操作同样可以实现到-1 时归 7
 187   3      beats++; //反转时节拍计数递增
 188   3      }
 189   2      tmp = P1; //用 tmp 把 P1 口当前值暂存
 190   2      tmp = tmp & 0xF0; //用&操作清零低 4 位
 191   2      tmp = tmp | BeatCode[index]; //用|操作把节拍代码写到低 4 位
 192   2      P1 = tmp; //把低 4 位的节拍代码和高 4 位的原值送回 P1
 193   2      }
 194   1      else //节拍数为 0 则关闭电机所有的相
 195   1      {
 196   2      P1 = P1 | 0x0F;
 197   2      }
 198   1      }
 199          
 200          /* T2 中断服务函数，用于按键扫描与电机转动控制 */
 201          void InterruptTimer2() interrupt 5
 202          {
 203   1      static bit div = 0;
 204   1      TF2=0;                          //中断标志位清零，T2自动加载初值
 205   1      KeyScan(); //执行按键扫描
 206   1      //用一个静态 bit 变量实现二分频，即 2ms 定时，用于控制电机
 207   1      div = ~div;
 208   1      if (div == 1)
 209   1      {
 210   2      TurnMotor();
 211   2      }
 212   1      }


MODULE INFORMATION:   STATIC OVERLAYABLE
   CODE SIZE        =    775    ----
   CONSTANT SIZE    =     24    ----
   XDATA SIZE       =   ----    ----
   PDATA SIZE       =   ----    ----
   DATA SIZE        =     58       7
   IDATA SIZE       =   ----    ----
   BIT SIZE         =      2    ----
END OF MODULE INFORMATION.


C51 COMPILATION COMPLETE.  0 WARNING(S),  0 ERROR(S)
