C51 COMPILER V9.01   MAIN                                                                  05/01/2018 21:51:15 PAGE 1   


C51 COMPILER V9.01, COMPILATION OF MODULE MAIN
OBJECT MODULE PLACED IN main.OBJ
COMPILER INVOKED BY: D:\Keil4\C51\BIN\C51.EXE main.c BROWSE DEBUG OBJECTEXTEND

line level    source

   1          #include<reg52.h>
   2          
   3          sbit ADDR0=P1^0;
   4          sbit ADDR1=P1^1;
   5          sbit ADDR2=P1^2;
   6          
   7          sbit ADDR3=P1^3;
   8          sbit ENLED=P1^4;
   9          
  10          /*void main()
  11          {
  12            unsigned int i=0;
  13            unsigned char cnt=0;
  14            ENLED=0;
  15            ADDR3=1;
  16          
  17            ADDR2=1;
  18            ADDR1=1;
  19            ADDR0=0;
  20            while(1)
  21            {
  22                   for(cnt=0;cnt<7;cnt++)    //移位判断，向左移7位，第一个不记做移位
  23               {
  24                  P0=~(0x0F<<cnt);                //逻辑左移,取反，0000 1111――1111 0000
  25                          for(i=0;i<20000;i++);     //延时函数，不断执行空循环
  26               }
  27                   for(cnt=0;cnt<7;cnt++)     //移位判断，向右移7位，第一个不记做移位
  28                   {
  29                      P0=~(0xF0>>cnt);            //逻辑右移,取反，1111 0000――0000 1111
  30                          for(i=0;i<20000;i++);     //延时函数，不断执行空循环
  31                    }
  32            }
  33          }*/
  34          void main()
  35          {
  36   1        unsigned int i=0;
  37   1        unsigned char cnt=0;
  38   1        ENLED=0;
  39   1        ADDR3=1;
  40   1      
  41   1        ADDR2=1;
  42   1        ADDR1=1;
  43   1        ADDR0=0;
  44   1        while(1)
  45   1        {
  46   2               for(cnt=0;cnt<7;cnt=cnt+2)    //移位判断，向左移7位，第一个不记做移位
  47   2           {
  48   3              P0=~(0x08<<cnt);                //逻辑左移,取反，0000 1000――1111 0111
  49   3                      for(i=0;i<30000;i++);     //延时函数，不断执行空循环
  50   3           }
  51   2               for(cnt=0;cnt<7;cnt=cnt+2)         //移位判断，向右移7位，第一个不记做移位
  52   2               {
  53   3                  P0=~(0x10>>cnt);            //逻辑右移,取反，0001 0000――1110 1111
  54   3                      for(i=0;i<30000;i++);     //延时函数，不断执行空循环
  55   3                }
C51 COMPILER V9.01   MAIN                                                                  05/01/2018 21:51:15 PAGE 2   

  56   2        }
  57   1      }  
  58          


MODULE INFORMATION:   STATIC OVERLAYABLE
   CODE SIZE        =     93    ----
   CONSTANT SIZE    =   ----    ----
   XDATA SIZE       =   ----    ----
   PDATA SIZE       =   ----    ----
   DATA SIZE        =   ----    ----
   IDATA SIZE       =   ----    ----
   BIT SIZE         =   ----    ----
END OF MODULE INFORMATION.


C51 COMPILATION COMPLETE.  0 WARNING(S),  0 ERROR(S)
