C51 COMPILER V9.01   MAIN                                                                  05/26/2018 17:47:18 PAGE 1   


C51 COMPILER V9.01, COMPILATION OF MODULE MAIN
OBJECT MODULE PLACED IN main.OBJ
COMPILER INVOKED BY: D:\Keil4\C51\BIN\C51.EXE main.c BROWSE DEBUG OBJECTEXTEND

line level    source

   1          /*----------------------------------------------- 
   2           功能：红外解码并显示 
   3          ------------------------------------------------*/  
   4          #include <reg52.h>  
   5          #include <intrins.h>  
   6          //#include "delay.h"  
   7            
   8          #define uint unsigned int  
   9          #define uchar unsigned char  
  10            
  11          sbit IR=P3^3;  //红外接口标志  
  12          char buff[10];  
  13            
  14          void DisplayListChar(uchar X,uchar Y, unsigned char *DData);
  15          extern void LcdShowStr(unsigned char x, unsigned char y, unsigned char *str);
  16          extern bit irflag;
  17          extern void InitLcd1602();
  18          extern unsigned char ircode[4];
  19          extern void InitInfrared();  
  20          void initLCM(void);  
  21          void cheng(char disdata);  
  22            
  23          /*------------------------------------------------ 
  24                          全局变量声明 
  25          ------------------------------------------------*/  
  26            
  27          unsigned char  irtime;//红外用全局变量  
  28            
  29          bit irpro_ok,irok;  
  30          unsigned char IRcord[4];  
  31          unsigned char irdata[33];  
  32            
  33          unsigned char TempData[16];  
  34          /*------------------------------------------------ 
  35                            函数声明 
  36          ------------------------------------------------*/  
  37          void Ir_work(void);  
  38          void Ircordpro(void);  
  39            
  40          /*------------------------------------------------ 
  41                            定时器0中断处理 
  42          ------------------------------------------------*/  
  43            
  44          void tim0_isr (void) interrupt 1 using 1  
  45          {  
  46   1        irtime++;  //用于计数2个下降沿之间的时间  
  47   1      }  
  48            
  49          /*------------------------------------------------ 
  50                            外部中断1中断处理 
  51          ------------------------------------------------*/  
  52          void EX1_ISR (void) interrupt 2 //外部中断1服务函数  
  53          {  
  54   1        static unsigned char  i;             //接收红外信号处理  
  55   1        static bit startflag;                //是否开始处理标志位  
C51 COMPILER V9.01   MAIN                                                                  05/26/2018 17:47:18 PAGE 2   

  56   1        
  57   1      if(startflag)                           
  58   1         {  
  59   2          if(irtime<63&&irtime>=33)//引导码 TC9012的头码，9ms+4.5ms  
  60   2                              i=0;  
  61   2                  irdata[i]=irtime;//存储每个电平的持续时间，用于以后判断是0还是1  
  62   2                  irtime=0;  
  63   2                  i++;  
  64   2                   if(i==33)  
  65   2                      {  
  66   3                       irok=1;  
  67   3                       i=0;  
  68   3                      }  
  69   2                }  
  70   1           else  
  71   1              {  
  72   2              irtime=0;  
  73   2              startflag=1;  
  74   2              }  
  75   1        
  76   1      }  
  77            
  78          /*------------------------------------------------ 
  79                          定时器0初始化 
  80          ------------------------------------------------*/  
  81          void TIM0init(void)//定时器0初始化  
  82          {  
  83   1        
  84   1        TMOD=0x02;//定时器0工作方式2，TH0是重装值，TL0是初值  
  85   1        TH0=0x00; //重载值  
  86   1        TL0=0x00; //初始化值  
  87   1        ET0=1;    //开中断  
  88   1        TR0=1;      
  89   1      }  
  90          /*------------------------------------------------ 
  91                            外部中断1初始化 
  92          ------------------------------------------------*/  
  93          void EX1init(void)  
  94          {  
  95   1       IT1 = 1;   //指定外部中断1下降沿触发，INT1 (P3.3)  
  96   1       EX1 = 1;   //使能外部中断  
  97   1       EA = 1;    //开总中断  
  98   1      }  
  99          /*------------------------------------------------ 
 100                            键值处理 
 101          ------------------------------------------------*/  
 102            
 103          void Ir_work(void)  
 104          {  
 105   1           cheng(IRcord[2]);  
 106   1           LcdShowStr(12,0,buff);  
 107   1           cheng(IRcord[1]);  
 108   1           LcdShowStr(12,1,buff);  
 109   1           irpro_ok=0;//处理完成标志  
 110   1        
 111   1        }  
 112          /*------------------------------------------------ 
 113                          红外码值处理 
 114          ------------------------------------------------*/  
 115          void Ircordpro(void)//红外码值处理函数  
 116          {   
 117   1        unsigned char i, j, k;  
C51 COMPILER V9.01   MAIN                                                                  05/26/2018 17:47:18 PAGE 3   

 118   1        unsigned char cord,value;  
 119   1        
 120   1        k=1;  
 121   1        for(i=0;i<4;i++)      //处理4个字节  
 122   1           {  
 123   2            for(j=1;j<=8;j++) //处理1个字节8位  
 124   2               {  
 125   3                cord=irdata[k];  
 126   3                if(cord>7)//大于某值为1，这个和晶振有绝对关系，这里使用12M计算，此值可以有一定误差  
 127   3                   value|=0x80;  
 128   3                if(j<8)  
 129   3                  {  
 130   4                   value>>=1;  
 131   4                  }  
 132   3                 k++;  
 133   3               }  
 134   2           IRcord[i]=value;  
 135   2           value=0;       
 136   2           }   
 137   1           irpro_ok=1;//处理完毕标志位置1  
 138   1      }  
 139            
 140          /*------------------------------------------------ 
 141                           主程序 
 142          ------------------------------------------------*/  
 143          void main(void)  
 144          {  
 145   1       EX1init();            //初始化外部中断1  
 146   1       TIM0init();           //  
 147   1       //initLCM();
 148   1       //InitInfrared();   //初始化红外功能
 149   1       InitLcd1602();  
 150   1       LcdShowStr(0, 0,"Temperature:");  
 151   1       LcdShowStr(0, 1,"Humidity:");  
 152   1       while(1)//主循环  
 153   1         {  
 154   2          //LcdShowStr(0, 0,"Temperature:");
 155   2               //if (irflag)  //接收到红外数据时刷新显示
 156   2          // irflag = 0;
 157   2          if(irok)                        //如果接收好了进行红外处理  
 158   2            {     
 159   3             Ircordpro();  
 160   3             irok=0;  
 161   3            }  
 162   2        
 163   2          if(irpro_ok)                   //如果处理好后进行工作处理，如按对应的按键后显示对应的数字等  
 164   2            {  
 165   3             Ir_work();  
 166   3            }  
 167   2         }  
 168   1      }  
 169            
 170            
 171            
 172            
 173          void cheng(char disdata)  
 174          {  
 175   1        buff[0]=disdata/1000+48;  
 176   1        buff[1]=disdata%1000/100+48;  
 177   1        buff[2]=disdata%100/10+48;  
 178   1        buff[3]=disdata%10+48;  
 179   1      }  
C51 COMPILER V9.01   MAIN                                                                  05/26/2018 17:47:18 PAGE 4   



MODULE INFORMATION:   STATIC OVERLAYABLE
   CODE SIZE        =    311    ----
   CONSTANT SIZE    =     23    ----
   XDATA SIZE       =   ----    ----
   PDATA SIZE       =   ----    ----
   DATA SIZE        =     65    ----
   IDATA SIZE       =   ----    ----
   BIT SIZE         =      3    ----
END OF MODULE INFORMATION.


C51 COMPILATION COMPLETE.  0 WARNING(S),  0 ERROR(S)
