C51 COMPILER V9.01   MAIN                                                                  05/07/2018 11:05:07 PAGE 1   


C51 COMPILER V9.01, COMPILATION OF MODULE MAIN
OBJECT MODULE PLACED IN main.OBJ
COMPILER INVOKED BY: D:\Keil4\C51\BIN\C51.EXE main.c BROWSE DEBUG OBJECTEXTEND

line level    source

   1          #include <reg52.h>
   2          //#define  _LED_BUZZER_C
   3          #define _TIME_C
   4          sbit ADDR0 = P1^0;
   5          sbit ADDR1 = P1^1;
   6          sbit ADDR2 = P1^2;
   7          sbit ADDR3 = P1^3;
   8          sbit ENLED = P1^4;
   9          
  10          unsigned char code LedChar[] = {  //数码管显示字符转换表
  11              0xC0, 0xF9, 0xA4, 0xB0, 0x99, 0x92, 0x82, 0xF8,
  12              0x80, 0x90, 0x88, 0x83, 0xC6, 0xA1, 0x86, 0x8E
  13          };
  14          unsigned char LedBuff[] = { //数码管显示缓冲区
  15          0xFF, 0xFF, 0xFF, 0xFF, 0xFF, 0xFF
  16          };
  17          /*unsigned char LedBuff1[] = { //数码管显示缓冲区
  18          0xFF, 0xFF, 0xFF, 0xFF, 0xFF, 0xFF
  19          };      */
  20          unsigned char Leddp[]={
  21          0x7F,0x7F,0x7F,0x7F,0x7F,0x7F};
  22          
  23          //struct sLedBuff ledBuff;
  24          struct sTime CurTime;
  25          struct sTime {  //日期时间结构体定义
  26              unsigned int  year;
  27              unsigned char mon;
  28              unsigned char day;
  29              unsigned char hour;
  30              unsigned char min;
  31              unsigned char sec;
  32              unsigned char week;
  33          };
  34          
  35          bit flag200ms = 1;  //200ms定时标志
  36          struct sTime bufTime;  //日期时间缓冲区
  37          unsigned char setIndex = 0;  //时间设置索引
  38          unsigned char T0RH = 0;  //T0重载值的高字节
  39          unsigned char T0RL = 0;  //T0重载值的低字节
  40          unsigned int index;
  41          unsigned int num;
  42          unsigned int point;
  43          
  44          void ConfigTimer0(unsigned int ms);
  45          void RefreshTimeShow();
  46          void RefreshTime();
  47          extern void InitDS1302();
  48          extern void GetRealTime(struct sTime *time);
  49          extern void SetRealTime(struct sTime *time);
  50          extern void KeyScan();
  51          extern void KeyDriver();
  52          extern void InitLcd1602();
  53          extern void LcdShowStr(unsigned char x, unsigned char y, unsigned char *str);
  54          extern void LcdSetCursor(unsigned char x, unsigned char y);
  55          extern void LcdOpenCursor();
C51 COMPILER V9.01   MAIN                                                                  05/07/2018 11:05:07 PAGE 2   

  56          extern void LcdCloseCursor();
  57          
  58          
  59          /* 数码管上显示一位数字，index-数码管位索引(从右到左对应0～5)，
  60          **     num-待显示的数字，point-代表是否显示此位上的小数点 */
  61          void ShowLedNumber(unsigned int index, unsigned int num,unsigned int point)
  62          {
  63   1         P0=0xFF;
  64   1         LedBuff[index] = LedChar[num];  //输入数字转换为数码管字符0～F
  65   1          if (point != 0)
  66   1          {
  67   2             LedBuff[index] &= 0x7F;  //point不为0时点亮当前位的小数点
  68   2          }
  69   1      }
  70          
  71          void main()
  72          {
  73   1          unsigned char psec=0xAA;  //秒备份，初值AA确保首次读取时间后会刷新显示
  74   1          EA = 1;           //开总中断
  75   1              ENLED = 0; //选择数码管进行显示
  76   1          ADDR3 = 1;
  77   1              ET0 = 1; //使能 T0 中断
  78   1              TR0 = 1; //启动 T0
  79   1          ConfigTimer0(1);  //T0定时1ms
  80   1              P0=0xFF;
  81   1          InitDS1302();     //初始化实时时钟
  82   1          InitLcd1602();    //初始化液晶
  83   1               RefreshTime();
  84   1          
  85   1          //初始化屏幕上固定不变的内容
  86   1          //LcdShowStr(3, 0, "20  -  -  ");
  87   1          
  88   1          while (1)
  89   1          {
  90   2              KeyDriver();  //调用按键驱动
  91   2              if (flag200ms && (setIndex == 0))
  92   2              {                             //每隔200ms且未处于设置状态时，
  93   3                  flag200ms = 0;
  94   3                              
  95   3                              RefreshTime();
  96   3                              P0=0xFF;
  97   3                  GetRealTime(&bufTime);    //获取当前时间
  98   3                  if (psec != bufTime.sec)  //检测到时间有变化时刷新显示
  99   3                  {
 100   4                     // RefreshTimeShow();
 101   4                                      RefreshTime();
 102   4                      psec = bufTime.sec;   //用当前值更新上次秒数
 103   4                              
 104   4                  }
 105   3              }
 106   2          }
 107   1      }
 108          
 109          /* 将一个BCD码字节显示到屏幕上，(x,y)-屏幕起始坐标，bcd-待显示BCD码 */
 110          /*void ShowBcdByte(unsigned char x, unsigned char y, unsigned char bcd)
 111          {
 112              unsigned char str[4];
 113              
 114              str[0] = (bcd >> 4) ;
 115              str[1] = (bcd&0x0F);
 116              ShowLedNumber(index,str,0);
 117                  RefreshTime();
C51 COMPILER V9.01   MAIN                                                                  05/07/2018 11:05:07 PAGE 3   

 118          
 119          }        */
 120          
 121          /* 获取当前日期时间，并刷新时间和星期的显示 */
 122          void RefreshTime()
 123          {
 124   1          GetRealTime(&bufTime);                  //获取当前日期时间
 125   1          ShowLedNumber(5,bufTime.hour>>4, 0);   //时
 126   1          ShowLedNumber(4, bufTime.hour&0xF,0);
 127   1          ShowLedNumber(3, bufTime.min>>4,  0);   //分
 128   1          ShowLedNumber(2, bufTime.min&0xF, 0);
 129   1          ShowLedNumber(1, bufTime.sec>>4,  0);   //秒
 130   1          ShowLedNumber(0, bufTime.sec&0xF, 0);
 131   1      } 
 132          
 133          /* 日期刷新函数，ops-刷新选项：为0时只当日期变化才刷新，非0则立即刷新 */
 134          /*void RefreshDate(uint8 ops)
 135          {
 136              uint8 pdata str[12];
 137              static uint8 backup = 0;
 138              
 139              if ((backup!=CurTime.day) || (ops!=0))
 140              {
 141                  str[0] = ((CurTime.year>>12) & 0xF) + '0';  //4位数年份
 142                  str[1] = ((CurTime.year>>8) & 0xF) + '0';
 143                  str[2] = ((CurTime.year>>4) & 0xF) + '0';
 144                  str[3] = (CurTime.year & 0xF) + '0';
 145                  str[4] = '-';                        //分隔符
 146                  str[5] = (CurTime.mon >> 4) + '0';   //月份
 147                  str[6] = (CurTime.mon & 0xF) + '0';
 148                  str[7] = '-';                        //分隔符
 149                  str[8] = (CurTime.day >> 4) + '0';   //日期
 150                  str[9] = (CurTime.day & 0xF) + '0';
 151                  str[10] = '\0';         //字符串结束符
 152                  LcdShowStr(0, 0, str);  //显示到液晶上
 153                  backup = CurTime.day;   //刷新上次日期值
 154              }
 155          } */
 156          /* 刷新日期时间的显示 */
 157          /*void RefreshTimeShow()
 158          {
 159              ShowBcdByte(5,  0, bufTime.year);
 160              ShowBcdByte(8,  0, bufTime.mon);
 161              ShowBcdByte(11, 0, bufTime.day);
 162              ShowBcdByte(4,  1, bufTime.hour);
 163              ShowBcdByte(7,  1, bufTime.min);
 164              ShowBcdByte(10, 1, bufTime.sec);
 165          } */
 166          /*void RefreshTimeShow()
 167          {
 168              ShowBcdByte(5,  0, bufTime.year);
 169              ShowBcdByte(8,  0, bufTime.mon);
 170              ShowBcdByte(11, 0, bufTime.day);
 171              ShowBcdByte(4,  1, bufTime.hour);
 172              ShowBcdByte(7,  1, bufTime.min);
 173              ShowBcdByte(10, 1, bufTime.sec);
 174          } */  
 175          
 176          /* 数码管动态扫描刷新函数，需在定时中断中调用 */
 177          void LedScan()
 178          {
 179   1         static unsigned char i = 0; //动态扫描的索引
C51 COMPILER V9.01   MAIN                                                                  05/07/2018 11:05:07 PAGE 4   

 180   1         P0 = 0xFF; //显示消隐
 181   1         P1=(P1&0xF8)|i;               //重点，P1口低三位是定义ADDR0~R2的，进行位选
 182   1         P0=LedBuff[i];
 183   1         if(i<5)
 184   1           i++;
 185   1         else
 186   1           i=0;
 187   1      }
 188          
 189          
 190          /* 刷新当前设置位的光标指示 */
 191          /*void RefreshSetShow()
 192          {
 193              switch (setIndex)
 194              {
 195                  case 1:  LcdSetCursor(5,  0); break;
 196                  case 2:  LcdSetCursor(6,  0); break;
 197                  case 3:  LcdSetCursor(8,  0); break;
 198                  case 4:  LcdSetCursor(9,  0); break;
 199                  case 5:  LcdSetCursor(11, 0); break;
 200                  case 6:  LcdSetCursor(12, 0); break;
 201                  case 7:  LcdSetCursor(4,  1); break;
 202                  case 8:  LcdSetCursor(5,  1); break;
 203                          case 9:  LcdSetCursor(7,  1); break;
 204                          case 10: LcdSetCursor(8,  1); break;
 205                          case 11: LcdSetCursor(10,  1); break;
 206                          case 12: LcdSetCursor(11,  1); break;
 207                  default:  break;
 208              }
 209          }  */
 210          /* 递增一个BCD码的高位 */
 211          unsigned char IncBcdHigh(unsigned char bcd)
 212          {
 213   1          if ((bcd&0xF0) < 0x90)
 214   1              bcd += 0x10;
 215   1          else
 216   1              bcd &= 0x0F;
 217   1          
 218   1          return bcd;
 219   1      }
 220          /* 递增一个BCD码的低位 */
 221          unsigned char IncBcdLow(unsigned char bcd)
 222          {
 223   1          if ((bcd&0x0F) < 0x09)
 224   1              bcd += 0x01;
 225   1          else
 226   1              bcd &= 0xF0;
 227   1          
 228   1          return bcd;
 229   1      }
 230          /* 递减一个BCD码的高位 */
 231          unsigned char DecBcdHigh(unsigned char bcd)
 232          {
 233   1          if ((bcd&0xF0) > 0x00)
 234   1              bcd -= 0x10;
 235   1          else
 236   1              bcd |= 0x90;
 237   1          
 238   1          return bcd;
 239   1      }
 240          /* 递减一个BCD码的低位 */
 241          unsigned char DecBcdLow(unsigned char bcd)
C51 COMPILER V9.01   MAIN                                                                  05/07/2018 11:05:07 PAGE 5   

 242          {
 243   1          if ((bcd&0x0F) > 0x00)
 244   1              bcd -= 0x01;
 245   1          else
 246   1              bcd |= 0x09;
 247   1          
 248   1          return bcd;
 249   1      }
 250          /* 递增时间当前设置位的值 */
 251          void IncSetTime()
 252          {
 253   1          switch (setIndex)
 254   1          {
 255   2              //case 1:  bufTime.year = IncBcdHigh(bufTime.year); break;
 256   2              //case 2:  bufTime.year = IncBcdLow(bufTime.year);  break;
 257   2              //case 3:  bufTime.mon  = IncBcdHigh(bufTime.mon);  break;
 258   2              //case 4:  bufTime.mon  = IncBcdLow(bufTime.mon);   break;
 259   2              //case 5:  bufTime.day  = IncBcdHigh(bufTime.day);  break;
 260   2              //case 6:  bufTime.day  = IncBcdLow(bufTime.day);   break;
 261   2              case 1:  bufTime.hour = IncBcdHigh(bufTime.hour); break;
 262   2              case 2:  bufTime.hour = IncBcdLow(bufTime.hour);  break;
 263   2              case 3:  bufTime.min  = IncBcdHigh(bufTime.min);  break;
 264   2              case 4:  bufTime.min  = IncBcdLow(bufTime.min);   break;
 265   2              case 5:  bufTime.sec  = IncBcdHigh(bufTime.sec);  break;
 266   2              case 6:  bufTime.sec  = IncBcdLow(bufTime.sec);   break;
 267   2              default:  break;
 268   2          }
 269   1          //RefreshTimeShow();
 270   1              //RefreshTimeShow();
 271   1          // RefreshTime();
 272   1      }
 273          /* 递减时间当前设置位的值 */
 274          void DecSetTime()
 275          {
 276   1          switch (setIndex)
 277   1          {
 278   2              //case 1:  bufTime.year = DecBcdHigh(bufTime.year); break;
 279   2              //case 2:  bufTime.year = DecBcdLow(bufTime.year);  break;
 280   2              //case 3:  bufTime.mon  = DecBcdHigh(bufTime.mon);  break;
 281   2              //case 4:  bufTime.mon  = DecBcdLow(bufTime.mon);   break;
 282   2              //case 5:  bufTime.day  = DecBcdHigh(bufTime.day);  break;
 283   2              //case 6:  bufTime.day  = DecBcdLow(bufTime.day);   break;
 284   2              case 1:  bufTime.hour = DecBcdHigh(bufTime.hour); break;
 285   2              case 2:  bufTime.hour = DecBcdLow(bufTime.hour);  break;
 286   2              case 3:  bufTime.min  = DecBcdHigh(bufTime.min);  break;
 287   2              case 4:  bufTime.min  = DecBcdLow(bufTime.min);   break;
 288   2              case 5:  bufTime.sec  = DecBcdHigh(bufTime.sec);  break;
 289   2              case 6:  bufTime.sec  = DecBcdLow(bufTime.sec);   break;
 290   2              default:  break;
 291   2          }
 292   1          //RefreshTimeShow();
 293   1              //RefreshTimeShow();
 294   1         //   RefreshTime();
 295   1      }
 296          /* 右移时间设置位 */
 297          void RightShiftTimeSet()
 298          {
 299   1              //unsigned char *p;
 300   1              if(setIndex!=0)
 301   1                      {
 302   2              if (setIndex <6)
 303   2               setIndex++;
C51 COMPILER V9.01   MAIN                                                                  05/07/2018 11:05:07 PAGE 6   

 304   2              else
 305   2                  setIndex = 1;
 306   2                      }
 307   1              //RefreshSetShow();
 308   1                      //RefreshTime();
 309   1      }
 310          
 311          /* 左移时间设置位 */
 312          void LeftShiftTimeSet()
 313          {
 314   1              if(setIndex!=0)
 315   1                      {
 316   2              if (setIndex >1)
 317   2                  setIndex--;
 318   2              else
 319   2                  setIndex = 6;
 320   2                      }
 321   1             // RefreshSetShow();
 322   1                 //RefreshTime();
 323   1      }
 324          /* 进入时间设置状态 */
 325          void EnterTimeSet()
 326          {
 327   1          //static unsigned char i = 5; //动态扫描的索引
 328   1          setIndex = 1;       //把设置索引设置为5，即可进入设置状态
 329   1              ShowLedNumber(5,bufTime.hour>>4, 1);   //时
 330   1          //RightShiftTimeSet(); //再利用现成的左移操作移到位置1并完成显示刷新
 331   1          //LcdOpenCursor();    //打开光标闪烁效果
 332   1      }
 333          /* 退出时间设置状态，save-是否保存当前设置的时间值 */
 334          void ExitTimeSet(bit save)
 335          {
 336   1          setIndex = 0;     //把设置索引设置为0，即可退出设置状态
 337   1          if (save)         //需保存时即把当前设置时间写入DS1302
 338   1          {
 339   2              SetRealTime(&bufTime);
 340   2          }
 341   1          //LcdCloseCursor(); //关闭光标显示
 342   1      }
 343          /* 按键动作函数，根据键码执行相应的操作，keycode-按键键码 */
 344          void KeyAction(unsigned char keycode)
 345          {
 346   1          static unsigned char i = 0; //动态扫描的索引
 347   1          if  ((keycode>='0') && (keycode<='9'))  //本例中不响应字符键
 348   1          {
 349   2          }
 350   1          else if (keycode == 0x26)  //向上键，递增当前设置位的值
 351   1          {
 352   2              IncSetTime();
 353   2                      //RefreshTime();
 354   2          }
 355   1          else if (keycode == 0x28)  //向下键，递减当前设置位的值
 356   1          {
 357   2              DecSetTime();
 358   2                      //RefreshTime();
 359   2          }
 360   1          else if (keycode == 0x25)  //向左键，向左切换设置位
 361   1          {
 362   2              LeftShiftTimeSet();
 363   2          }
 364   1          else if (keycode == 0x27)  //向右键，向右切换设置位
 365   1          {
C51 COMPILER V9.01   MAIN                                                                  05/07/2018 11:05:07 PAGE 7   

 366   2                  
 367   2              RightShiftTimeSet();
 368   2          }
 369   1          else if (keycode == 0x0D)  //回车键，进入设置模式/启用当前设置值
 370   1          {
 371   2              if (setIndex == 0)  //不处于设置状态时，进入设置状态
 372   2              {
 373   3                  EnterTimeSet();
 374   3              }
 375   2              else                //已处于设置状态时，保存时间并退出设置状态
 376   2              {
 377   3                  ExitTimeSet(1);
 378   3              }
 379   2          }
 380   1          else if (keycode == 0x1B)  //Esc键，取消当前设置
 381   1          {
 382   2              ExitTimeSet(0);
 383   2          }
 384   1      }
*** WARNING C280 IN LINE 346 OF MAIN.C: 'i': unreferenced local variable
 385          /* 配置并启动T0，ms-T0定时时间 */
 386          void ConfigTimer0(unsigned int ms)
 387          {
 388   1          unsigned long tmp;  //临时变量
 389   1          
 390   1          tmp = 11059200 / 12;      //定时器计数频率
 391   1          tmp = (tmp * ms) / 1000;  //计算所需的计数值
 392   1          tmp = 65536 - tmp;        //计算定时器重载值
 393   1          tmp = tmp + 28;           //补偿中断响应延时造成的误差
 394   1          T0RH = (unsigned char)(tmp>>8);  //定时器重载值拆分为高低字节
 395   1          T0RL = (unsigned char)tmp;
 396   1          TMOD &= 0xF0;   //清零T0的控制位
 397   1          TMOD |= 0x01;   //配置T0为模式1
 398   1          TH0 = T0RH;     //加载T0重载值
 399   1          TL0 = T0RL;
 400   1          ET0 = 1;        //使能T0中断
 401   1          TR0 = 1;        //启动T0
 402   1      }
 403          /* T0中断服务函数，执行按键扫描和200ms定时 */
 404          void InterruptTimer0() interrupt 1
 405          {
 406   1          static unsigned char tmr200ms = 0;
 407   1              static int i=0;
 408   1      
 409   1          TH0 = T0RH;  //重新加载重载值
 410   1          TL0 = T0RL;
 411   1      /*      if(ENLED==0)
 412   1              {
 413   1                P0=0xff;
 414   1                P1=(P1&0xF0)|i;
 415   1                P0=*((int data*)&LedBuff+i);
 416   1                if(i<(sizeof(LedBuff)-1))
 417   1                i++;
 418   1                else
 419   1                i=0;
 420   1              }
 421   1              */
 422   1              KeyScan();   //按键扫描
 423   1              LedScan(); //调用数码管显示扫描函数
 424   1          tmr200ms++;
 425   1          if (tmr200ms >= 200)  //定时200ms
 426   1          {
C51 COMPILER V9.01   MAIN                                                                  05/07/2018 11:05:07 PAGE 8   

 427   2              tmr200ms = 0;
 428   2              flag200ms = 1;
 429   2          }
 430   1      
 431   1      }
*** WARNING C280 IN LINE 407 OF MAIN.C: 'i': unreferenced local variable
 432          
 433          /* T2中断服务函数，LED动态扫描、蜂鸣器控制 */
 434          /*void InterruptTimer2() interrupt 5
 435          {
 436              static i = 0;  //LED位选索引
 437              
 438              TF2 = 0;  //清零T2中断标志
 439              //全部LED动态扫描显示
 440              if (ENLED == 0)  //LED使能时才进行动态扫描
 441              {
 442                  P0 = 0xFF;                       //关闭所有段选位，显示消隐
 443                  P1 = (P1 & 0xF0) | i;            //位选索引值赋值到P1口低4位
 444                  P0 = *((data*)&ledBuff+i); //缓冲区中索引位置的数据送到P0口
 445                  if (i < (sizeof(ledBuff)-1))     //索引递增循环，遍历整个缓冲区
 446                      i++;
 447                  else
 448                      i = 0;
 449              }
 450          }  */


MODULE INFORMATION:   STATIC OVERLAYABLE
   CODE SIZE        =    774    ----
   CONSTANT SIZE    =     16    ----
   XDATA SIZE       =   ----    ----
   PDATA SIZE       =   ----    ----
   DATA SIZE        =     42       8
   IDATA SIZE       =   ----    ----
   BIT SIZE         =      1       1
END OF MODULE INFORMATION.


C51 COMPILATION COMPLETE.  2 WARNING(S),  0 ERROR(S)
