C51 COMPILER V9.01   MAIN                                                                  04/18/2018 21:37:14 PAGE 1   


C51 COMPILER V9.01, COMPILATION OF MODULE MAIN
OBJECT MODULE PLACED IN main.OBJ
COMPILER INVOKED BY: D:\Keil4\C51\BIN\C51.EXE main.c BROWSE DEBUG OBJECTEXTEND

line level    source

   1          #include <reg52.h>
   2          sbit PIN_RXD = P3^0; //接收引脚定义
   3          sbit PIN_TXD = P3^1; //发送引脚定义
   4          bit RxdOrTxd = 0; //指示当前状态为接收还是发送
   5          bit RxdEnd = 0; //接收结束标志
   6          bit TxdEnd = 0; //发送结束标志
   7          unsigned char RxdBuf = 0; //接收缓冲器
   8          unsigned char TxdBuf = 0; //发送缓冲器
   9          void ConfigUART(unsigned int baud);
  10          void StartTXD(unsigned char dat);
  11          void StartRXD();
  12          void main()
  13          {
  14   1      EA = 1; //开总中断
  15   1      ConfigUART(9600); //配置波特率为 9600
  16   1      while (1)
  17   1      {
  18   2      while (PIN_RXD); //等待接收引脚出现低电平，即起始位
  19   2      StartRXD(); //启动接收
  20   2      while (!RxdEnd); //等待接收完成
  21   2      StartTXD(RxdBuf+1); //接收到的数据+1 后，发送回去
  22   2      while (!TxdEnd); //等待发送完成
  23   2      }
  24   1      }
  25          /* 串口配置函数，baud-通信波特率 */
  26          void ConfigUART(unsigned int baud)
  27          {
  28   1      TMOD &= 0xF0; //清零 T0 的控制位
  29   1      TMOD |= 0x02; //配置 T0 为模式 2
  30   1      TH0 = 256 - (11059200/12)/baud; //计算 T0 重载值
  31   1      }
  32          /* 启动串行接收 */
  33          void StartRXD()
  34          {
  35   1      TL0 = 256 - ((256-TH0)>>1); //接收启动时的 T0 定时为半个波特率周期
  36   1      ET0 = 1; //使能 T0 中断
  37   1      TR0 = 1; //启动 T0
  38   1      RxdEnd = 0; //清零接收结束标志
  39   1      RxdOrTxd = 0; //设置当前状态为接收
  40   1      }
  41          /* 启动串行发送，dat-待发送字节数据 */
  42          void StartTXD(unsigned char dat)
  43          {
  44   1      TxdBuf = dat; //待发送数据保存到发送缓冲器
  45   1      TL0 = TH0; //T0 计数初值为重载值
  46   1      ET0 = 1; //使能 T0 中断
  47   1      TR0 = 1; //启动 T0
  48   1      PIN_TXD = 0; //发送起始位
  49   1      TxdEnd = 0; //清零发送结束标志
  50   1      RxdOrTxd = 1; //设置当前状态为发送
  51   1      }
  52          /* T0 中断服务函数，处理串行发送和接收 */
  53          void InterruptTimer0() interrupt 1
  54          {
  55   1      static unsigned char cnt = 0; //位接收或发送计数
C51 COMPILER V9.01   MAIN                                                                  04/18/2018 21:37:14 PAGE 2   

  56   1      if (RxdOrTxd) //串行发送处理
  57   1      {
  58   2      cnt++;
  59   2      if (cnt <= 8) //低位在先依次发送 8bit 数据位
  60   2      {
  61   3      PIN_TXD = TxdBuf & 0x01;
  62   3      TxdBuf >>= 1;
  63   3      }
  64   2      else if (cnt == 9) //发送停止位
  65   2      {
  66   3      PIN_TXD = 1;
  67   3      }
  68   2      else //发送结束
  69   2      {
  70   3      cnt = 0; //复位 bit 计数器
  71   3      TR0 = 0; //关闭 T0
  72   3      TxdEnd = 1; //置发送结束标志
  73   3      }
  74   2      }
  75   1      else //串行接收处理
  76   1      {
  77   2      if (cnt == 0) //处理起始位
  78   2      {
  79   3      if (!PIN_RXD) //起始位为 0 时，清零接收缓冲器，准备接收数据位
  80   3      {
  81   4      RxdBuf = 0;
  82   4      cnt++;
  83   4      }
  84   3      else //起始位不为 0 时，中止接收
  85   3      {
  86   4      TR0 = 0; //关闭 T0
  87   4      }
  88   3      }
  89   2      else if (cnt <= 8) //处理 8 位数据位
  90   2      {
  91   3      RxdBuf >>= 1; //低位在先，所以将之前接收的位向右移
  92   3      if (PIN_RXD) //接收脚为 1 时，缓冲器最高位置 1，
  93   3      { //而为 0 时不处理即仍保持移位后的 0
  94   4      RxdBuf |= 0x80;
  95   4      }
  96   3      cnt++;
  97   3      }
  98   2      else //停止位处理
  99   2      {
 100   3      cnt = 0; //复位 bit 计数器
 101   3      TR0 = 0; //关闭 T0
 102   3      if (PIN_RXD) //停止位为 1 时，方能认为数据有效
 103   3      {
 104   4      RxdEnd = 1; //置接收结束标志
 105   4      }
 106   3      }
 107   2      }
 108   1      }


MODULE INFORMATION:   STATIC OVERLAYABLE
   CODE SIZE        =    203    ----
   CONSTANT SIZE    =   ----    ----
   XDATA SIZE       =   ----    ----
   PDATA SIZE       =   ----    ----
   DATA SIZE        =      3    ----
   IDATA SIZE       =   ----    ----
C51 COMPILER V9.01   MAIN                                                                  04/18/2018 21:37:14 PAGE 3   

   BIT SIZE         =      3    ----
END OF MODULE INFORMATION.


C51 COMPILATION COMPLETE.  0 WARNING(S),  0 ERROR(S)
