C51 COMPILER V9.01   MAIN                                                                  05/05/2018 15:59:37 PAGE 1   


C51 COMPILER V9.01, COMPILATION OF MODULE MAIN
OBJECT MODULE PLACED IN main.OBJ
COMPILER INVOKED BY: D:\Keil4\C51\BIN\C51.EXE main.c BROWSE DEBUG OBJECTEXTEND

line level    source

   1          #include<reg52.h> 
   2          #define uint unsigned int //宏定义
   3          sbit SPK=P1^6;            //定义喇叭端口
   4          sbit key=P2^4;            //开发板上对应的是s18按键
   5          
   6          void delay(uint z)
   7          {
   8   1      uint x,y;
   9   1      for(x=z;x>0;x--)
  10   1      for(y=110;y>0;y--);
  11   1      }
  12          
  13          void main()
  14          {
  15   1          while(1)
  16   1          { 
  17   2      if(key==0)
  18   2      {
  19   3             delay(100); 
  20   3         SPK=0;
  21   3      delay(100);
  22   3             SPK=1;
  23   3      }
  24   2      else
  25   2      {
  26   3      SPK=1;
  27   3      }
  28   2          }
  29   1      }


MODULE INFORMATION:   STATIC OVERLAYABLE
   CODE SIZE        =     57    ----
   CONSTANT SIZE    =   ----    ----
   XDATA SIZE       =   ----    ----
   PDATA SIZE       =   ----    ----
   DATA SIZE        =   ----    ----
   IDATA SIZE       =   ----    ----
   BIT SIZE         =   ----    ----
END OF MODULE INFORMATION.


C51 COMPILATION COMPLETE.  0 WARNING(S),  0 ERROR(S)
