C51 COMPILER V9.01   MAIN                                                                  04/11/2018 16:12:54 PAGE 1   


C51 COMPILER V9.01, COMPILATION OF MODULE MAIN
OBJECT MODULE PLACED IN main.OBJ
COMPILER INVOKED BY: D:\Keil4\C51\BIN\C51.EXE main.c BROWSE DEBUG OBJECTEXTEND

line level    source

   1          #include <reg52.h>
   2          
   3          sbit ADDR0 = P1^0;
   4          sbit ADDR1 = P1^1;
   5          sbit ADDR2 = P1^2;
   6          
   7          sbit ADDR3 = P1^3;
   8          sbit ENLED = P1^4;
   9          
  10          unsigned char code LedChar[] = { 
  11          0xC0, 0xF9, 0xA4, 0xB0, 0x99, 0x92, 0x82, 0xF8,
  12          0x80, 0x90, 0x88, 0x83, 0xC6, 0xA1, 0x86, 0x8E
  13          };              //数码管显示字符转换表,共阳
  14          
  15          unsigned char LedBuff[6] = {
  16          0xFF, 0xFF, 0xFF, 0xFF, 0xFF, 0xFF
  17          };               //数码管显示缓冲区，初值 0xFF 确保启动时都不亮
  18          
  19          unsigned char i = 0; //动态扫描的索引
  20          unsigned int cnt = 0; //记录 T0 中断次数
  21          unsigned char flag1s = 0; //1 秒定时标志
  22          
  23          void main()
  24          {
  25   1      unsigned long sec = 999; //记录经过的秒数，从999开始倒计时
  26   1      EA = 1; //使能总中断
  27   1      ENLED = 0; //使能 U3，选择控制数码管
  28   1      ADDR3 = 1; //因为需要动态改变 ADDR0-2 的值，所以不需要再初始化了
  29   1      
  30   1      TMOD = 0x01; //设置 T0 为模式 1
  31   1      TH0 = 0xFC; //为 T0 赋初值 0xFC67，定时 1ms
  32   1      TL0 = 0x67;
  33   1      ET0 = 1; //使能 T0 中断
  34   1      TR0 = 1; //启动 T0
  35   1      
  36   1      while (1)
  37   1      {
  38   2      if (flag1s == 1) //判断 1 秒定时标志
  39   2      {
  40   3      //以下代码将 sec 按十进制位从低到高依次提取并转为数码管显示字符
  41   3      LedBuff[0] = LedChar[sec%10];                           //个位
  42   3      
  43   3      LedBuff[2] = LedChar[sec/10%10];                        //十位
  44   3      
  45   3      LedBuff[4] = LedChar[sec/100%10];                       //百位
  46   3      
  47   3      flag1s = 0; //1 秒定时标志清零
  48   3      sec--; //秒计数自减1，显示999后再开始减
  49   3      }
  50   2      }
  51   1      }
  52          
  53          /* 定时器 0 中断服务函数 */
  54          void InterruptTimer0() interrupt 1       //消隐，消抖
  55          {
C51 COMPILER V9.01   MAIN                                                                  04/11/2018 16:12:54 PAGE 2   

  56   1      TH0 = 0xFC; //重新加载初值
  57   1      TL0 = 0x67;
  58   1      cnt++; //中断次数计数值加 1
  59   1      if (cnt >= 1000) //中断 1000 次即 1 秒
  60   1      {
  61   2      cnt = 0; //清零计数值以重新开始下 1 秒计时
  62   2      flag1s = 1; //设置 1 秒定时标志为 1
  63   2      }
  64   1      //以下代码完成数码管动态扫描刷新
  65   1      P0 = 0xFF; //显示消隐
  66   1      switch (i)                //i++作用很好，最后再令i=0
  67   1      {
  68   2      case 0: ADDR2=0; ADDR1=0; ADDR0=0; i=i+2; P0=LedBuff[0]; break;    //个位
  69   2      
  70   2      case 2: ADDR2=0; ADDR1=1; ADDR0=0; i=i+2; P0=LedBuff[2]; break;          //十位
  71   2      
  72   2      case 4: ADDR2=1; ADDR1=0; ADDR0=0; i=0; P0=LedBuff[4]; break;             //百位
  73   2      
  74   2      default: break;
  75   2      }
  76   1      }


MODULE INFORMATION:   STATIC OVERLAYABLE
   CODE SIZE        =    276    ----
   CONSTANT SIZE    =     16    ----
   XDATA SIZE       =   ----    ----
   PDATA SIZE       =   ----    ----
   DATA SIZE        =     10       4
   IDATA SIZE       =   ----    ----
   BIT SIZE         =   ----    ----
END OF MODULE INFORMATION.


C51 COMPILATION COMPLETE.  0 WARNING(S),  0 ERROR(S)
