C51 COMPILER V9.01   MAIN                                                                  04/11/2018 16:22:04 PAGE 1   


C51 COMPILER V9.01, COMPILATION OF MODULE MAIN
OBJECT MODULE PLACED IN main.OBJ
COMPILER INVOKED BY: D:\Keil4\C51\BIN\C51.EXE main.c BROWSE DEBUG OBJECTEXTEND

line level    source

   1          #include <reg52.h>
   2          
   3          sbit LED = P0^0;
   4          sbit ADDR0 = P1^0;
   5          sbit ADDR1 = P1^1;
   6          sbit ADDR2 = P1^2;
   7          
   8          sbit ADDR3 = P1^3;
   9          sbit ENLED = P1^4;
  10          void main()
  11          {
  12   1      ENLED = 0; //U3、U4 两片 74HC138 总使能
  13   1      ADDR3 = 0; //使能 U4 使之正常输出
  14   1      
  15   1      ADDR2 = 0; //经 U4 的 Y0 输出开启三极管 Q10
  16   1      ADDR1 = 0;
  17   1      ADDR0 = 0;
  18   1      
  19   1      LED = 0; //向 P0.0 写入 0 来点亮左上角的一个点
  20   1      while(1); //程序停止在这里
  21   1      }


MODULE INFORMATION:   STATIC OVERLAYABLE
   CODE SIZE        =     14    ----
   CONSTANT SIZE    =   ----    ----
   XDATA SIZE       =   ----    ----
   PDATA SIZE       =   ----    ----
   DATA SIZE        =   ----    ----
   IDATA SIZE       =   ----    ----
   BIT SIZE         =   ----    ----
END OF MODULE INFORMATION.


C51 COMPILATION COMPLETE.  0 WARNING(S),  0 ERROR(S)
