C51 COMPILER V9.01   MAIN                                                                  04/13/2018 10:37:39 PAGE 1   


C51 COMPILER V9.01, COMPILATION OF MODULE MAIN
OBJECT MODULE PLACED IN main.OBJ
COMPILER INVOKED BY: D:\Keil4\C51\BIN\C51.EXE main.c BROWSE DEBUG OBJECTEXTEND

line level    source

   1          #include <reg52.h>
   2          sbit BUZZ = P1^6; //蜂鸣器控制引脚
   3          unsigned int code NoteFrequ[] = { //中音 1-7 和高音 1-7 对应频率列表
   4          523, 587, 659, 698, 784, 880, 988, //中音 1-7
   5          1047, 1175, 1319, 1397, 1568, 1760, 1976 //高音 1-7
   6          };
   7          unsigned int code NoteReload[] = { //中音 1-7 和高音 1-7 对应的定时器重载值
   8          65536 - (11059200/12) / (523*2), //中音 1
   9          65536 - (11059200/12) / (587*2), //2
  10          65536 - (11059200/12) / (659*2), //3
  11          65536 - (11059200/12) / (698*2), //4
  12          65536 - (11059200/12) / (784*2), //5
  13          65536 - (11059200/12) / (880*2), //6
  14          65536 - (11059200/12) / (988*2), //7
  15          65536 - (11059200/12) / (1047*2), //高音 1
  16          65536 - (11059200/12) / (1175*2), //2
  17          65536 - (11059200/12) / (1319*2), //3
  18          65536 - (11059200/12) / (1397*2), //4
  19          65536 - (11059200/12) / (1568*2), //5
  20          65536 - (11059200/12) / (1760*2), //6
  21          65536 - (11059200/12) / (1976*2), //7
  22          };
  23          bit enable = 1; //蜂鸣器发声使能标志
  24          bit tmrflag = 0; //定时器中断完成标志
  25          unsigned char T0RH = 0xFF; //T0 重载值的高字节
  26          unsigned char T0RL = 0x00; //T0 重载值的低字节
  27          void PlayTwoTiger();
  28          void main()
  29          {
  30   1      unsigned int i;
  31   1      EA = 1; //使能全局中断
  32   1      TMOD = 0x01; //配置 T0 工作在模式 1
  33   1      TH0 = T0RH;
  34   1      TL0 = T0RL;
  35   1      ET0 = 1; //使能 T0 中断
  36   1      TR0 = 1; //启动 T0
  37   1      while (1)
  38   1      {
  39   2      PlayTwoTiger(); //播放乐曲--两支老虎
  40   2      for (i=0; i<40000; i++); //停止一段时间
  41   2      }
  42   1      }
  43          /* 两只老虎乐曲播放函数 */
  44          void PlayTwoTiger()
  45          {
  46   1      unsigned char beat; //当前节拍索引
  47   1      unsigned char note; //当前节拍对应的音符
  48   1      unsigned int time = 0; //当前节拍计时
  49   1      unsigned int beatTime = 0; //当前节拍总时间
  50   1      unsigned int soundTime = 0; //当前节拍需发声时间
  51   1      //两只老虎音符表
  52   1      unsigned char code TwoTigerNote[] = {
  53   1      3, 3, 4, 5,5 , 4, 3, 2, 1, 1, 2, 3, 3, 2,
  54   1      2,3, 3,4, 5, 5, 4,3, 2,1, 1, 2, 3, 2, 1, 1, 
  55   1      2,2,3,1,2,3,4,3,1,2,3,4,3,2,1,2,5,
C51 COMPILER V9.01   MAIN                                                                  04/13/2018 10:37:39 PAGE 2   

  56   1      2,3, 3,4, 5, 5, 4,3, 2,1, 1, 2, 3, 2, 1, 1, 
  57   1      };
  58   1      //两只老虎节拍表，4 表示一拍，1 就是 1/4 拍，8 就是 2 拍
  59   1      unsigned char code TwoTigerBeat[] = {
  60   1      4, 4, 4, 4, 4, 4, 4, 4, 4, 4, 4, 4, 6, 2,8,
  61   1      4, 4, 4, 4, 4, 4, 4, 4, 4, 4, 4, 4, 6, 2,8,
  62   1      4,4,4,4,4,2,2,4,4,4,2,2,4,4,4,4,4,8,
  63   1      4, 4, 4, 4, 4, 4, 4, 4, 4, 4, 4, 4, 6, 2,8
  64   1      };
  65   1      for (beat=0; beat<sizeof(TwoTigerNote); ) //用节拍索引作为循环变量
  66   1      {
  67   2      while (!tmrflag); //每次定时器中断完成后，检测并处理节拍
  68   2      tmrflag = 0;
  69   2      if (time == 0) //当前节拍播完则启动一个新节拍
  70   2      {
  71   3      note = TwoTigerNote[beat] - 1;
  72   3      T0RH = NoteReload[note] >> 8;
  73   3      T0RL = NoteReload[note];
  74   3      //计算节拍总时间，右移 2 位相当于除 4，移位代替除法可以加快执行速度
  75   3      beatTime = (TwoTigerBeat[beat] * NoteFrequ[note]) >> 2;
  76   3      //计算发声时间，为总时间的 0.75，移位原理同上
  77   3      soundTime = beatTime - (beatTime >> 2);
  78   3      enable = 1; //指示蜂鸣器开始发声
  79   3      time++;
  80   3      }
  81   2      else //当前节拍未播完则处理当前节拍
  82   2      {
  83   3      if (time >= beatTime) //当前持续时间到达节拍总时间时归零，
  84   3      { //并递增节拍索引，以准备启动新节拍
  85   4      time = 0;
  86   4      beat++;
  87   4      }
  88   3      else //当前持续时间未达到总时间时，
  89   3      {
  90   4      time++; //累加时间计数
  91   4      if (time == soundTime) //到达发声时间后，指示关闭蜂鸣器，
  92   4      { //插入 0.25*总时间的静音间隔，
  93   5      enable = 0; //用以区分连续的两个节拍
  94   5      }
  95   4      }
  96   3      }
  97   2      }
  98   1      }
  99          /* T0 中断服务函数，用于控制蜂鸣器发声 */
 100          void InterruptTimer0() interrupt 1
 101          {
 102   1      TH0 = T0RH; //重新加载重载值
 103   1      TL0 = T0RL;
 104   1      tmrflag = 1;
 105   1      if (enable) //使能时反转蜂鸣器控制电平
 106   1      BUZZ = ~BUZZ;
 107   1      else //未使能时关闭蜂鸣器
 108   1      BUZZ = 1;
 109   1      }


MODULE INFORMATION:   STATIC OVERLAYABLE
   CODE SIZE        =    234    ----
   CONSTANT SIZE    =    182    ----
   XDATA SIZE       =   ----    ----
   PDATA SIZE       =   ----    ----
   DATA SIZE        =      2       1
C51 COMPILER V9.01   MAIN                                                                  04/13/2018 10:37:39 PAGE 3   

   IDATA SIZE       =   ----    ----
   BIT SIZE         =      2    ----
END OF MODULE INFORMATION.


C51 COMPILATION COMPLETE.  0 WARNING(S),  0 ERROR(S)
