C51 COMPILER V9.01   MAIN                                                                  04/13/2018 09:45:36 PAGE 1   


C51 COMPILER V9.01, COMPILATION OF MODULE MAIN
OBJECT MODULE PLACED IN main.OBJ
COMPILER INVOKED BY: D:\Keil4\C51\BIN\C51.EXE main.c BROWSE DEBUG OBJECTEXTEND

line level    source

   1          #include <reg52.h>
   2          sbit ADDR0 = P1^0;
   3          sbit ADDR1 = P1^1;
   4          sbit ADDR2 = P1^2;
   5          sbit ADDR3 = P1^3;
   6          sbit ENLED = P1^4;
   7          sbit LED9 = P0^7;
   8          sbit LED8 = P0^6;
   9          sbit LED7 = P0^5;
  10          sbit LED6 = P0^4;
  11          sbit KEY1 = P2^4;
  12          sbit KEY2 = P2^5;
  13          sbit KEY3 = P2^6;
  14          sbit KEY4 = P2^7;
  15          void main()
  16          {
  17   1      ENLED = 0; //选择独立 LED 进行显示
  18   1      ADDR3 = 1;
  19   1      ADDR2 = 1;
  20   1      ADDR1 = 1;
  21   1      ADDR0 = 0;
  22   1      P2 = 0xF7; //P2.3 置 0，即 KeyOut1 输出低电平
  23   1      while (1)
  24   1      {
  25   2      //将按键扫描引脚的值传递到 LED 上
  26   2      LED9 = KEY1; //按下时为 0，对应的 LED 点亮
  27   2      LED8 = KEY2;
  28   2      LED7 = KEY3;
  29   2      LED6 = KEY4;
  30   2      }
  31   1      }


MODULE INFORMATION:   STATIC OVERLAYABLE
   CODE SIZE        =     31    ----
   CONSTANT SIZE    =   ----    ----
   XDATA SIZE       =   ----    ----
   PDATA SIZE       =   ----    ----
   DATA SIZE        =   ----    ----
   IDATA SIZE       =   ----    ----
   BIT SIZE         =   ----    ----
END OF MODULE INFORMATION.


C51 COMPILATION COMPLETE.  0 WARNING(S),  0 ERROR(S)
