C51 COMPILER V9.01   MAIN                                                                  04/11/2018 11:04:35 PAGE 1   


C51 COMPILER V9.01, COMPILATION OF MODULE MAIN
OBJECT MODULE PLACED IN main.OBJ
COMPILER INVOKED BY: D:\Keil4\C51\BIN\C51.EXE main.c BROWSE DEBUG OBJECTEXTEND

line level    source

   1          #include<reg52.h>
   2          #include<intrins.h>
   3          sbit ADDR0=P1^0;
   4          sbit ADDR1=P1^1;
   5          sbit ADDR2=P1^2;
   6          sbit ADDR3=P1^3;
   7          sbit ENLED=P1^4;
   8          
   9          void main()
  10          {
  11   1        unsigned int i=0;
  12   1        unsigned char cnt=0;
  13   1        ENLED=0;
  14   1        ADDR3=1;
  15   1        ADDR2=1;
  16   1        ADDR1=1;
  17   1        ADDR0=0; 
  18   1        P0=~0x01;                //需在外部定义，移动函数只负责移动，不能直接点亮第一个小灯
  19   1        for(i=0;i<40000;i++);                   //下一步，移位
  20   1        while(1)
  21   1        {
  22   2               for(cnt=0;cnt<7;cnt++)    //移位判断，向左移7位，第一个不记做移位
  23   2           {
  24   3                 
  25   3              P0=_crol_(P0,1);                // //循环左移，i=0开始移动，所以i<7
  26   3                      for(i=0;i<40000;i++);     //延时函数，不断执行空循环
  27   3           }
  28   2               for(cnt=0;cnt<7;cnt++)     //移位判断，向右移7位，第一个不记做移位
  29   2               {       
  30   3               
  31   3              P0=_cror_(P0,1);        //循环右移，i=0开始移动，所以i<7
  32   3                      for(i=0;i<40000;i++);     //延时函数，不断执行空循环
  33   3                }
  34   2        }
  35   1      }


MODULE INFORMATION:   STATIC OVERLAYABLE
   CODE SIZE        =    146    ----
   CONSTANT SIZE    =   ----    ----
   XDATA SIZE       =   ----    ----
   PDATA SIZE       =   ----    ----
   DATA SIZE        =   ----       1
   IDATA SIZE       =   ----    ----
   BIT SIZE         =   ----    ----
END OF MODULE INFORMATION.


C51 COMPILATION COMPLETE.  0 WARNING(S),  0 ERROR(S)
