C51 COMPILER V9.01   MAIN                                                                  05/28/2018 19:34:27 PAGE 1   


C51 COMPILER V9.01, COMPILATION OF MODULE MAIN
OBJECT MODULE PLACED IN main.OBJ
COMPILER INVOKED BY: D:\Keil4\C51\BIN\C51.EXE main.c BROWSE DEBUG OBJECTEXTEND

line level    source

   1          #include <reg52.h>
   2          #define uchar unsigned char 
   3          #define uint unsigned int
   4          
   5          sbit ADDR0 = P1^0;
   6          sbit ADDR1 = P1^1;
   7          sbit ADDR2 = P1^2;
   8          sbit ADDR3 = P1^3;
   9          sbit ENLED = P1^4;
  10          
  11          unsigned long frequency=0;
  12          bit start=0;   //定时器，计数模式启动变量
  13          unsigned char Pulse = 0;
  14          unsigned char T0RH=0;
  15          unsigned char T0RL=0;
  16          
  17          unsigned char len;
  18          unsigned char str[12];
  19          extern void InitLcd1602();
  20          extern void LcdShowStr(unsigned char x, unsigned char y, unsigned char *str);
  21          extern void LcdAreaClear(unsigned char x, unsigned char y, unsigned char len);
  22          
  23          /*unsigned char code LedChar[] = { //数码管显示字符转换表
  24          0xC0, 0xF9, 0xA4, 0xB0, 0x99, 0x92, 0x82, 0xF8,
  25          0x80, 0x90, 0x88, 0x83, 0xC6, 0xA1, 0x86, 0x8E
  26          };
  27          unsigned char LedBuff[6] = { //数码管显示缓冲区
  28          0xFF, 0xFF, 0xFF, 0xFF, 0xFF, 0xFF
  29          };      */
  30          
  31          /* 将一个无符号长整型的数字显示到数码管上，num-待显示数字 */
  32          /*void ShowNumber(unsigned long num)
  33          {
  34               signed char i;
  35               unsigned char buf[6];
  36               for (i=0; i<6; i++) //把长整型数转换为 6 位十进制的数组
  37               {
  38                   buf[i] = num % 10;
  39                   num = num / 10;
  40                }
  41                for (i=5; i>=1; i--) //从最高位起，遇到 0 转换为空格，遇到非 0 则退出循环
  42                {
  43                    if (buf[i] == 0)
  44                    LedBuff[i] = 0xFF;
  45                    else
  46                   break;
  47                }
  48                for ( ; i>=0; i--) //剩余低位都如实转换为数码管显示字符
  49                {
  50                    LedBuff[i] = LedChar[buf[i]];
  51                 }
  52          }               */
  53          
  54          /* 数码管动态扫描刷新函数，需在定时中断中调用 */
  55          /*void LedScan()
C51 COMPILER V9.01   MAIN                                                                  05/28/2018 19:34:27 PAGE 2   

  56          {
  57               static unsigned char i = 0; //动态扫描的索引
  58               P0 = 0xFF; //显示消隐
  59               switch (i)
  60               {
  61                    case 0: ADDR2=0; ADDR1=0; ADDR0=0; i++; P0=LedBuff[0]; break;
  62                    case 1: ADDR2=0; ADDR1=0; ADDR0=1; i++; P0=LedBuff[1]; break;
  63                    case 2: ADDR2=0; ADDR1=1; ADDR0=0; i++; P0=LedBuff[2]; break;
  64                    case 3: ADDR2=0; ADDR1=1; ADDR0=1; i++; P0=LedBuff[3]; break;
  65                    case 4: ADDR2=1; ADDR1=0; ADDR0=0; i++; P0=LedBuff[4]; break;
  66                    case 5: ADDR2=1; ADDR1=0; ADDR0=1; i=0; P0=LedBuff[5]; break;
  67                    default: break;
  68                }
  69          }                  */
  70          /* 整型数转换为字符串，str-字符串指针，dat-待转换数，返回值-字符串长度 */
  71          unsigned char IntToString(unsigned char *str, long dat)  //重点，frequence为long型，不是int型
  72          {
  73   1          signed char i = 0;
  74   1          unsigned char len = 0;
  75   1          unsigned char buf[12];
  76   1          
  77   1          if (dat < 0)  //如果为负数，首先取绝对值，并在指针上添加负号
  78   1          {
  79   2              dat = -dat;
  80   2              *str++ = '-';
  81   2              len++;
  82   2          }
  83   1          do {          //先转换为低位在前的十进制数组
  84   2              buf[i++] = dat % 10;
  85   2              dat /= 10;
  86   2          } while (dat > 0);
  87   1          len += i;     //i最后的值就是有效字符的个数
  88   1          while (i-- > 0)   //将数组值转换为ASCII码反向拷贝到接收指针上
  89   1          {
  90   2              *str++ = buf[i] + '0';
  91   2          }
  92   1          *str = '\0';  //添加字符串结束符
  93   1          
  94   1          return len;   //返回字符串长度
  95   1      }
  96          void ConfigTimer0(unsigned int ms)
  97          {
  98   1          unsigned long tmp;
  99   1              tmp=11059200/12;
 100   1              tmp=(tmp*ms)/1000;
 101   1              tmp=65536-tmp;
 102   1              tmp=tmp+36;          //低频36（100， 1000， 10000）  高频24（10 0000，20 0000） 高频58（30 0000）
 103   1              T0RH=(unsigned char)(tmp>>8);
 104   1              T0RL=(unsigned char)tmp;
 105   1              TMOD&=0xF0;
 106   1              TMOD|=0x01;
 107   1              TH0=T0RH;
 108   1              TL0=T0RL;
 109   1              ET0=1; 
 110   1              TR0=1;
 111   1      }
 112          void main()
 113          {
 114   1              P3 = 0xFF;
 115   1          EA = 1; //使能总中断
 116   1          //ENLED = 0; //选择数码管进行显示
 117   1          //ADDR3 = 1;
C51 COMPILER V9.01   MAIN                                                                  05/28/2018 19:34:27 PAGE 3   

 118   1          ConfigTimer0(1); //T0定时1ms
 119   1              TMOD = 0x51; //设置 T0定时、T1计数都为模式 1
 120   1              TH1=0x00;
 121   1          TL1=0x00;
 122   1              ET1=1;
 123   1              TR1=1;
 124   1          //LedBuff[0] = LedChar[0]; //上电显示0
 125   1               InitLcd1602();     //初始化液晶
 126   1          while(1)
 127   1          {
 128   2           if(start==1)
 129   2             {
 130   3                 TR1=1;  //启动计数器
 131   3                         TR0 = 1;
 132   3                 start=0;  //关闭启动变量位 保证1秒时间
 133   3                 Pulse = 0;
 134   3               }
 135   2                       len = IntToString(str,frequency); //整数部分转换为字符串
 136   2                    // str[len] = "Hz";      //十进制小数位再转换为ASCII字符
 137   2                     // while (len < 6)               //用空格补齐到6个字符长度
 138   2                     // {
 139   2                         // str[len++] = ' ';
 140   2                      //}
 141   2                      str[len] = 'H';              //数据后添加字符H,从0开始，所以len表示结尾下一个字符
 142   2                                      str[len+1] = 'z';              //数据后添加字符z
 143   2                      LcdShowStr(0, 1, str);        //显示到液晶屏上
 144   2                                      //LcdShowStr(10, 1, "Hz");        //显示到液晶屏上      
 145   2                              LcdShowStr(0,0,"50  TJ");
 146   2               //ShowNumber(frequency);       
 147   2           }
 148   1      }
 149          void time0() interrupt 1           //T0定时
 150          {
 151   1          static unsigned int i=0;
 152   1          TH0=T0RH;
 153   1          TL0=T0RL;
 154   1          //TH0 = 0xFC; //重新加载初值,定时1ms
 155   1          //TL0 = 0x67;
 156   1               i++;
 157   1         // LedScan(); //调用数码管显示扫描函数
 158   1          if(i>=1000)
 159   1          {
 160   2            i=0;
 161   2            TR1=0;    //停止计数
 162   2            TR0=0;          //停止定时
 163   2            frequency = ((Pulse*65535)+(TH1*256)+TL1);         //求出频率值   就是1秒内脉冲次数
 164   2                Pulse=0;
 165   2            TH1=0;          //计数值清零
 166   2            TL1=0;
 167   2                TH0=T0RH;
 168   2            TL0=T0RL;
 169   2                //TH0 = 0xFC; //重新加载初值,定时1ms
 170   2            //TL0 = 0x67;
 171   2            start=1;               //启动定时器开启变量
 172   2                //TR1=1;
 173   2       }
 174   1      }
 175          void Time1() interrupt 3        //T1计数
 176          {
 177   1         TH1=0;
 178   1         TL1=0;
 179   1         TR1=1;
C51 COMPILER V9.01   MAIN                                                                  05/28/2018 19:34:27 PAGE 4   

 180   1         Pulse++;
 181   1      }
 182           


MODULE INFORMATION:   STATIC OVERLAYABLE
   CODE SIZE        =    584    ----
   CONSTANT SIZE    =      7    ----
   XDATA SIZE       =   ----    ----
   PDATA SIZE       =   ----    ----
   DATA SIZE        =     22      25
   IDATA SIZE       =   ----    ----
   BIT SIZE         =      1    ----
END OF MODULE INFORMATION.


C51 COMPILATION COMPLETE.  0 WARNING(S),  0 ERROR(S)
