C51 COMPILER V9.01   MAIN                                                                  07/08/2018 23:57:55 PAGE 1   


C51 COMPILER V9.01, COMPILATION OF MODULE MAIN
OBJECT MODULE PLACED IN main.OBJ
COMPILER INVOKED BY: D:\Keil4\C51\BIN\C51.EXE main.c BROWSE DEBUG OBJECTEXTEND

line level    source

   1          #include <reg52.h>
   2          sbit ADDR0=P1^0;
   3          sbit ADDR1=P1^1;
   4          sbit ADDR2=P1^2;
   5          
   6          sbit ADDR3=P1^3;
   7          sbit ENLED=P1^4;
   8          
   9          unsigned char ledd[7]={0xE7,0xDB,0xBD,0x7E,0xBD,0xDB};
  10              //其实就是定义了一个亮灯状态表,由中间到两边，再由两边倒中间,然后P0循环此数组
  11              //1110 0111  ,  1101 1011 , 1011 1101  ,0111 1110, 1011 1101, 1101 1011, 1110 0111
  12          unsigned char ledd1[30]={0xE7,0xDB,0xBD,0x7E,0xBD,0xDB,
  13                                   0x7F,0xBF,0xDF,0xEF,0xF7,0xFB,0xFD,0xFE,
  14                                                           0xFD,0xFB,0xF7,0xEF,0xDF,0xBF,0x7F,0xEF}; //22
  15          unsigned char ledd2[50]={0xEF,0xDF,0xBF,0x7F, 0xF7,0xFB,0xFD,0xFE,
  16                                                           0xEF,0xDF,0xBF,0x7F,0xBF,0xDF,0xEF,0xF7,0xFB,0xFD,0xFE,
  17                                   0xFD,0xFB,0xF7,0xEF,0xDF,0xBF,0x7F,0xBF,0xDF};   //28
  18          void main()
  19          {
  20   1          unsigned int i=0;
  21   1              unsigned int cnt=0;
  22   1              ENLED=0;
  23   1          ADDR3=1;
  24   1      
  25   1          ADDR2=1;
  26   1          ADDR1=1;
  27   1          ADDR0=0;
  28   1         
  29   1          while(1)
  30   1          {
  31   2              for(cnt=0;cnt<28;cnt++)
  32   2                      {
  33   3                  P0=ledd2[cnt];
  34   3                              for(i=0;i<30000;i++);
  35   3                      }
  36   2        }
  37   1      }


MODULE INFORMATION:   STATIC OVERLAYABLE
   CODE SIZE        =     47    ----
   CONSTANT SIZE    =   ----    ----
   XDATA SIZE       =   ----    ----
   PDATA SIZE       =   ----    ----
   DATA SIZE        =     87    ----
   IDATA SIZE       =   ----    ----
   BIT SIZE         =   ----    ----
END OF MODULE INFORMATION.


C51 COMPILATION COMPLETE.  0 WARNING(S),  0 ERROR(S)
