C51 COMPILER V9.01   MAIN                                                                  04/13/2018 17:21:49 PAGE 1   


C51 COMPILER V9.01, COMPILATION OF MODULE MAIN
OBJECT MODULE PLACED IN main.OBJ
COMPILER INVOKED BY: D:\Keil4\C51\BIN\C51.EXE main.c BROWSE DEBUG OBJECTEXTEND

line level    source

   1          #include <reg52.h>
   2          void TurnMotor(unsigned long angle);
   3          void main()
   4          {
   5   1      TurnMotor(360*25); //360 度*25，即 25 圈
   6   1      while (1);
   7   1      }
   8          /* 软件延时函数，延时约 2ms */
   9          void delay()
  10          {
  11   1      unsigned int i = 200;
  12   1      while (i--);
  13   1      }
  14          /* 步进电机转动函数，angle-需转过的角度 */
  15          void TurnMotor(unsigned long angle)
  16          {
  17   1      unsigned char tmp; //临时变量
  18   1      unsigned char index = 0; //节拍输出索引
  19   1      unsigned long beats = 0; //所需节拍总数
  20   1      unsigned char code BeatCode[8] = { //步进电机节拍对应的 IO 控制代码
  21   1      0xE, 0xC, 0xD, 0x9, 0xB, 0x3, 0x7, 0x6
  22   1      };
  23   1      beats = (angle*4096) / 360; //计算需要的节拍总数，4096 拍对应一圈
  24   1      while (beats--) //判断 beats 不为 0 时执行循环，然后自减 1
  25   1      {
  26   2      tmp = P1; //用 tmp 把 P1 口当前值暂存
  27   2      tmp = tmp & 0xF0; //用&操作清零低 4 位
  28   2      tmp = tmp | BeatCode[index]; //用|操作把节拍代码写到低 4 位
  29   2      P1 = tmp; //把低 4 位的节拍代码和高 4 位的原值送回 P1
  30   2      index++; //节拍输出索引递增
  31   2      index = index & 0x07; //用&操作实现到 8 归零
  32   2      delay(); //延时 2ms，即 2ms 执行一拍
  33   2      }
  34   1      P1 = P1 | 0x0F; //关闭电机所有的相
  35   1      }


MODULE INFORMATION:   STATIC OVERLAYABLE
   CODE SIZE        =    123    ----
   CONSTANT SIZE    =      8    ----
   XDATA SIZE       =   ----    ----
   PDATA SIZE       =   ----    ----
   DATA SIZE        =   ----       9
   IDATA SIZE       =   ----    ----
   BIT SIZE         =   ----    ----
END OF MODULE INFORMATION.


C51 COMPILATION COMPLETE.  0 WARNING(S),  0 ERROR(S)
